# JRE version: OpenJDK Runtime Environment (11.0.10) (build 11.0.10+0-b96-7249189)
# Java VM: OpenJDK 64-Bit Server VM (11.0.10+0-b96-7249189, mixed mode, tiered, compressed oops, g1 gc, windows-amd64)
Heap:
 garbage-first heap   total 198656K, used 138160K [0x0000000080000000, 0x0000000100000000)
  region size 1024K, 55 young (56320K), 3 survivors (3072K)
 Metaspace       used 96712K, capacity 98928K, committed 99276K, reserved 1136640K
  class space    used 12093K, capacity 12907K, committed 13004K, reserved 1048576K
GC Heap History (20 events):
Event: 42.161 GC heap before
{Heap before GC invocations=32 (full 0):
 garbage-first heap   total 164864K, used 125215K [0x0000000080000000, 0x0000000100000000)
  region size 1024K, 30 young (30720K), 1 survivors (1024K)
 Metaspace       used 85730K, capacity 87869K, committed 88140K, reserved 1126400K
  class space    used 11036K, capacity 11798K, committed 11852K, reserved 1048576K
}
Event: 42.163 GC heap after
{Heap after GC invocations=33 (full 0):
 garbage-first heap   total 164864K, used 95170K [0x0000000080000000, 0x0000000100000000)
  region size 1024K, 1 young (1024K), 1 survivors (1024K)
 Metaspace       used 85730K, capacity 87869K, committed 88140K, reserved 1126400K
  class space    used 11036K, capacity 11798K, committed 11852K, reserved 1048576K
}
Event: 42.506 GC heap before
{Heap before GC invocations=34 (full 0):
 garbage-first heap   total 164864K, used 99266K [0x0000000080000000, 0x0000000100000000)
  region size 1024K, 6 young (6144K), 1 survivors (1024K)
 Metaspace       used 85735K, capacity 87869K, committed 88140K, reserved 1126400K
  class space    used 11036K, capacity 11798K, committed 11852K, reserved 1048576K
}
Event: 42.514 GC heap after
{Heap after GC invocations=35 (full 0):
 garbage-first heap   total 164864K, used 99132K [0x0000000080000000, 0x0000000100000000)
  region size 1024K, 4 young (4096K), 4 survivors (4096K)
 Metaspace       used 85735K, capacity 87869K, committed 88140K, reserved 1126400K
  class space    used 11036K, capacity 11798K, committed 11852K, reserved 1048576K
}
Event: 43.400 GC heap before
{Heap before GC invocations=36 (full 0):
 garbage-first heap   total 164864K, used 143164K [0x0000000080000000, 0x0000000100000000)
  region size 1024K, 32 young (32768K), 4 survivors (4096K)
 Metaspace       used 87463K, capacity 89613K, committed 89804K, reserved 1126400K
  class space    used 11153K, capacity 11910K, committed 11980K, reserved 1048576K
}
Event: 43.417 GC heap after
{Heap after GC invocations=37 (full 0):
 garbage-first heap   total 164864K, used 102542K [0x0000000080000000, 0x0000000100000000)
  region size 1024K, 4 young (4096K), 4 survivors (4096K)
 Metaspace       used 87463K, capacity 89613K, committed 89804K, reserved 1126400K
  class space    used 11153K, capacity 11910K, committed 11980K, reserved 1048576K
}
Event: 44.053 GC heap before
{Heap before GC invocations=37 (full 0):
 garbage-first heap   total 164864K, used 129166K [0x0000000080000000, 0x0000000100000000)
  region size 1024K, 31 young (31744K), 4 survivors (4096K)
 Metaspace       used 89899K, capacity 91991K, committed 92364K, reserved 1130496K
  class space    used 11348K, capacity 12102K, committed 12236K, reserved 1048576K
}
Event: 44.080 GC heap after
{Heap after GC invocations=38 (full 0):
 garbage-first heap   total 164864K, used 106633K [0x0000000080000000, 0x0000000100000000)
  region size 1024K, 4 young (4096K), 4 survivors (4096K)
 Metaspace       used 89899K, capacity 91991K, committed 92364K, reserved 1130496K
  class space    used 11348K, capacity 12102K, committed 12236K, reserved 1048576K
}
Event: 45.256 GC heap before
{Heap before GC invocations=39 (full 0):
 garbage-first heap   total 164864K, used 125065K [0x0000000080000000, 0x0000000100000000)
  region size 1024K, 29 young (29696K), 4 survivors (4096K)
 Metaspace       used 90124K, capacity 92247K, committed 92620K, reserved 1130496K
  class space    used 11359K, capacity 12102K, committed 12236K, reserved 1048576K
}
Event: 45.267 GC heap after
{Heap after GC invocations=40 (full 0):
 garbage-first heap   total 198656K, used 99424K [0x0000000080000000, 0x0000000100000000)
  region size 1024K, 1 young (1024K), 1 survivors (1024K)
 Metaspace       used 90124K, capacity 92247K, committed 92620K, reserved 1130496K
  class space    used 11359K, capacity 12102K, committed 12236K, reserved 1048576K
}
Event: 45.553 GC heap before
{Heap before GC invocations=40 (full 0):
 garbage-first heap   total 198656K, used 107616K [0x0000000080000000, 0x0000000100000000)
  region size 1024K, 9 young (9216K), 1 survivors (1024K)
 Metaspace       used 90128K, capacity 92248K, committed 92620K, reserved 1130496K
  class space    used 11359K, capacity 12102K, committed 12236K, reserved 1048576K
}
Event: 45.558 GC heap after
{Heap after GC invocations=41 (full 0):
 garbage-first heap   total 198656K, used 86178K [0x0000000080000000, 0x0000000100000000)
  region size 1024K, 1 young (1024K), 1 survivors (1024K)
 Metaspace       used 90128K, capacity 92248K, committed 92620K, reserved 1130496K
  class space    used 11359K, capacity 12102K, committed 12236K, reserved 1048576K
}
Event: 46.219 GC heap before
{Heap before GC invocations=41 (full 0):
 garbage-first heap   total 198656K, used 110754K [0x0000000080000000, 0x0000000100000000)
  region size 1024K, 24 young (24576K), 1 survivors (1024K)
 Metaspace       used 90681K, capacity 92792K, committed 93132K, reserved 1130496K
  class space    used 11395K, capacity 12134K, committed 12236K, reserved 1048576K
}
Event: 46.222 GC heap after
{Heap after GC invocations=42 (full 0):
 garbage-first heap   total 198656K, used 87393K [0x0000000080000000, 0x0000000100000000)
  region size 1024K, 1 young (1024K), 1 survivors (1024K)
 Metaspace       used 90681K, capacity 92792K, committed 93132K, reserved 1130496K
  class space    used 11395K, capacity 12134K, committed 12236K, reserved 1048576K
}
Event: 49.336 GC heap before
{Heap before GC invocations=43 (full 0):
 garbage-first heap   total 198656K, used 146785K [0x0000000080000000, 0x0000000100000000)
  region size 1024K, 54 young (55296K), 1 survivors (1024K)
 Metaspace       used 92715K, capacity 94899K, committed 95180K, reserved 1132544K
  class space    used 11645K, capacity 12405K, committed 12492K, reserved 1048576K
}
Event: 49.342 GC heap after
{Heap after GC invocations=44 (full 0):
 garbage-first heap   total 198656K, used 85973K [0x0000000080000000, 0x0000000100000000)
  region size 1024K, 2 young (2048K), 2 survivors (2048K)
 Metaspace       used 92715K, capacity 94899K, committed 95180K, reserved 1132544K
  class space    used 11645K, capacity 12405K, committed 12492K, reserved 1048576K
}
Event: 49.501 GC heap before
{Heap before GC invocations=44 (full 0):
 garbage-first heap   total 198656K, used 93141K [0x0000000080000000, 0x0000000100000000)
  region size 1024K, 9 young (9216K), 2 survivors (2048K)
 Metaspace       used 93204K, capacity 95347K, committed 95436K, reserved 1132544K
  class space    used 11717K, capacity 12469K, committed 12492K, reserved 1048576K
}
Event: 49.510 GC heap after
{Heap after GC invocations=45 (full 0):
 garbage-first heap   total 198656K, used 84037K [0x0000000080000000, 0x0000000100000000)
  region size 1024K, 1 young (1024K), 1 survivors (1024K)
 Metaspace       used 93204K, capacity 95347K, committed 95436K, reserved 1132544K
  class space    used 11717K, capacity 12469K, committed 12492K, reserved 1048576K
}
Event: 53.639 GC heap before
{Heap before GC invocations=45 (full 0):
 garbage-first heap   total 198656K, used 143429K [0x0000000080000000, 0x0000000100000000)
  region size 1024K, 60 young (61440K), 1 survivors (1024K)
 Metaspace       used 95789K, capacity 98076K, committed 98380K, reserved 1134592K
  class space    used 11981K, capacity 12781K, committed 12876K, reserved 1048576K
}
Event: 53.648 GC heap after
{Heap after GC invocations=46 (full 0):
 garbage-first heap   total 198656K, used 86960K [0x0000000080000000, 0x0000000100000000)
  region size 1024K, 3 young (3072K), 3 survivors (3072K)
 Metaspace       used 95789K, capacity 98076K, committed 98380K, reserved 1134592K
  class space    used 11981K, capacity 12781K, committed 12876K, reserved 1048576K
}

