# JRE version: OpenJDK Runtime Environment (11.0.10) (build 11.0.10+0-b96-7249189)
# Java VM: OpenJDK 64-Bit Server VM (11.0.10+0-b96-7249189, mixed mode, tiered, compressed oops, g1 gc, windows-amd64)
Heap:
 garbage-first heap   total 164864K, used 50936K [0x0000000080000000, 0x0000000100000000)
  region size 1024K, 3 young (3072K), 3 survivors (3072K)
 Metaspace       used 58577K, capacity 60062K, committed 60160K, reserved 1101824K
  class space    used 7424K, capacity 7984K, committed 8064K, reserved 1048576K
GC Heap History (20 events):
Event: 4.153 GC heap after
{Heap after GC invocations=4 (full 0):
 garbage-first heap   total 94208K, used 15988K [0x0000000080000000, 0x0000000100000000)
  region size 1024K, 5 young (5120K), 5 survivors (5120K)
 Metaspace       used 17112K, capacity 17521K, committed 17792K, reserved 1064960K
  class space    used 1958K, capacity 2088K, committed 2176K, reserved 1048576K
}
Event: 4.681 GC heap before
{Heap before GC invocations=4 (full 0):
 garbage-first heap   total 94208K, used 46708K [0x0000000080000000, 0x0000000100000000)
  region size 1024K, 36 young (36864K), 5 survivors (5120K)
 Metaspace       used 20543K, capacity 21088K, committed 21248K, reserved 1067008K
  class space    used 2500K, capacity 2690K, committed 2816K, reserved 1048576K
}
Event: 4.692 GC heap after
{Heap after GC invocations=5 (full 0):
 garbage-first heap   total 113664K, used 17488K [0x0000000080000000, 0x0000000100000000)
  region size 1024K, 2 young (2048K), 2 survivors (2048K)
 Metaspace       used 20543K, capacity 21088K, committed 21248K, reserved 1067008K
  class space    used 2500K, capacity 2690K, committed 2816K, reserved 1048576K
}
Event: 5.746 GC heap before
{Heap before GC invocations=6 (full 0):
 garbage-first heap   total 113664K, used 60496K [0x0000000080000000, 0x0000000100000000)
  region size 1024K, 44 young (45056K), 2 survivors (2048K)
 Metaspace       used 24893K, capacity 25503K, committed 25728K, reserved 1071104K
  class space    used 3216K, capacity 3421K, committed 3456K, reserved 1048576K
}
Event: 5.751 GC heap after
{Heap after GC invocations=7 (full 0):
 garbage-first heap   total 113664K, used 18848K [0x0000000080000000, 0x0000000100000000)
  region size 1024K, 3 young (3072K), 3 survivors (3072K)
 Metaspace       used 24893K, capacity 25503K, committed 25728K, reserved 1071104K
  class space    used 3216K, capacity 3421K, committed 3456K, reserved 1048576K
}
Event: 7.544 GC heap before
{Heap before GC invocations=7 (full 0):
 garbage-first heap   total 113664K, used 82336K [0x0000000080000000, 0x0000000100000000)
  region size 1024K, 65 young (66560K), 3 survivors (3072K)
 Metaspace       used 34121K, capacity 34884K, committed 34944K, reserved 1079296K
  class space    used 4429K, capacity 4722K, committed 4736K, reserved 1048576K
}
Event: 7.562 GC heap after
{Heap after GC invocations=8 (full 0):
 garbage-first heap   total 113664K, used 22438K [0x0000000080000000, 0x0000000100000000)
  region size 1024K, 6 young (6144K), 6 survivors (6144K)
 Metaspace       used 34121K, capacity 34884K, committed 34944K, reserved 1079296K
  class space    used 4429K, capacity 4722K, committed 4736K, reserved 1048576K
}
Event: 7.711 GC heap before
{Heap before GC invocations=8 (full 0):
 garbage-first heap   total 113664K, used 25510K [0x0000000080000000, 0x0000000100000000)
  region size 1024K, 11 young (11264K), 6 survivors (6144K)
 Metaspace       used 35007K, capacity 35790K, committed 35840K, reserved 1081344K
  class space    used 4534K, capacity 4832K, committed 4864K, reserved 1048576K
}
Event: 7.725 GC heap after
{Heap after GC invocations=9 (full 0):
 garbage-first heap   total 113664K, used 23893K [0x0000000080000000, 0x0000000100000000)
  region size 1024K, 5 young (5120K), 5 survivors (5120K)
 Metaspace       used 35007K, capacity 35790K, committed 35840K, reserved 1081344K
  class space    used 4534K, capacity 4832K, committed 4864K, reserved 1048576K
}
Event: 8.797 GC heap before
{Heap before GC invocations=10 (full 0):
 garbage-first heap   total 113664K, used 65877K [0x0000000080000000, 0x0000000100000000)
  region size 1024K, 44 young (45056K), 5 survivors (5120K)
 Metaspace       used 38337K, capacity 39183K, committed 39296K, reserved 1083392K
  class space    used 4885K, capacity 5211K, committed 5248K, reserved 1048576K
}
Event: 8.811 GC heap after
{Heap after GC invocations=11 (full 0):
 garbage-first heap   total 113664K, used 26940K [0x0000000080000000, 0x0000000100000000)
  region size 1024K, 5 young (5120K), 5 survivors (5120K)
 Metaspace       used 38337K, capacity 39183K, committed 39296K, reserved 1083392K
  class space    used 4885K, capacity 5211K, committed 5248K, reserved 1048576K
}
Event: 9.758 GC heap before
{Heap before GC invocations=11 (full 0):
 garbage-first heap   total 113664K, used 68924K [0x0000000080000000, 0x0000000100000000)
  region size 1024K, 46 young (47104K), 5 survivors (5120K)
 Metaspace       used 41448K, capacity 42345K, committed 42624K, reserved 1085440K
  class space    used 5351K, capacity 5705K, committed 5760K, reserved 1048576K
}
Event: 9.769 GC heap after
{Heap after GC invocations=12 (full 0):
 garbage-first heap   total 137216K, used 27813K [0x0000000080000000, 0x0000000100000000)
  region size 1024K, 2 young (2048K), 2 survivors (2048K)
 Metaspace       used 41448K, capacity 42345K, committed 42624K, reserved 1085440K
  class space    used 5351K, capacity 5705K, committed 5760K, reserved 1048576K
}
Event: 11.420 GC heap before
{Heap before GC invocations=12 (full 0):
 garbage-first heap   total 137216K, used 85157K [0x0000000080000000, 0x0000000100000000)
  region size 1024K, 58 young (59392K), 2 survivors (2048K)
 Metaspace       used 46188K, capacity 47338K, committed 47616K, reserved 1091584K
  class space    used 5902K, capacity 6345K, committed 6400K, reserved 1048576K
}
Event: 11.433 GC heap after
{Heap after GC invocations=13 (full 0):
 garbage-first heap   total 137216K, used 30885K [0x0000000080000000, 0x0000000100000000)
  region size 1024K, 5 young (5120K), 5 survivors (5120K)
 Metaspace       used 46188K, capacity 47338K, committed 47616K, reserved 1091584K
  class space    used 5902K, capacity 6345K, committed 6400K, reserved 1048576K
}
Event: 12.990 GC heap before
{Heap before GC invocations=13 (full 0):
 garbage-first heap   total 137216K, used 96421K [0x0000000080000000, 0x0000000100000000)
  region size 1024K, 62 young (63488K), 5 survivors (5120K)
 Metaspace       used 49810K, capacity 51122K, committed 51200K, reserved 1093632K
  class space    used 6333K, capacity 6842K, committed 6912K, reserved 1048576K
}
Event: 13.006 GC heap after
{Heap after GC invocations=14 (full 0):
 garbage-first heap   total 137216K, used 47656K [0x0000000080000000, 0x0000000100000000)
  region size 1024K, 8 young (8192K), 8 survivors (8192K)
 Metaspace       used 49810K, capacity 51122K, committed 51200K, reserved 1093632K
  class space    used 6333K, capacity 6842K, committed 6912K, reserved 1048576K
}
Event: 14.268 GC heap before
{Heap before GC invocations=14 (full 0):
 garbage-first heap   total 137216K, used 96808K [0x0000000080000000, 0x0000000100000000)
  region size 1024K, 56 young (57344K), 8 survivors (8192K)
 Metaspace       used 56682K, capacity 58165K, committed 58496K, reserved 1099776K
  class space    used 7196K, capacity 7714K, committed 7808K, reserved 1048576K
}
Event: 14.280 GC heap after
{Heap after GC invocations=15 (full 0):
 garbage-first heap   total 137216K, used 49995K [0x0000000080000000, 0x0000000100000000)
  region size 1024K, 2 young (2048K), 2 survivors (2048K)
 Metaspace       used 56682K, capacity 58165K, committed 58496K, reserved 1099776K
  class space    used 7196K, capacity 7714K, committed 7808K, reserved 1048576K
}
Event: 14.686 GC heap before
{Heap before GC invocations=15 (full 0):
 garbage-first heap   total 137216K, used 59211K [0x0000000080000000, 0x0000000100000000)
  region size 1024K, 12 young (12288K), 2 survivors (2048K)
 Metaspace       used 58577K, capacity 60062K, committed 60160K, reserved 1101824K
  class space    used 7424K, capacity 7984K, committed 8064K, reserved 1048576K
}

