# JRE version: OpenJDK Runtime Environment (11.0.10) (build 11.0.10+0-b96-7249189)
# Java VM: OpenJDK 64-Bit Server VM (11.0.10+0-b96-7249189, mixed mode, tiered, compressed oops, g1 gc, windows-amd64)
Heap:
 garbage-first heap   total 113664K, used 34737K [0x0000000080000000, 0x0000000100000000)
  region size 1024K, 3 young (3072K), 3 survivors (3072K)
 Metaspace       used 34642K, capacity 35555K, committed 35708K, reserved 1081344K
  class space    used 4532K, capacity 4863K, committed 4864K, reserved 1048576K
GC Heap History (15 events):
Event: 1.735 GC heap before
{Heap before GC invocations=0 (full 0):
 garbage-first heap   total 94208K, used 17408K [0x0000000080000000, 0x0000000100000000)
  region size 1024K, 14 young (14336K), 0 survivors (0K)
 Metaspace       used 6777K, capacity 6993K, committed 7168K, reserved 1056768K
  class space    used 584K, capacity 650K, committed 768K, reserved 1048576K
}
Event: 1.745 GC heap after
{Heap after GC invocations=1 (full 0):
 garbage-first heap   total 94208K, used 4581K [0x0000000080000000, 0x0000000100000000)
  region size 1024K, 2 young (2048K), 2 survivors (2048K)
 Metaspace       used 6777K, capacity 6993K, committed 7168K, reserved 1056768K
  class space    used 584K, capacity 650K, committed 768K, reserved 1048576K
}
Event: 2.157 GC heap before
{Heap before GC invocations=1 (full 0):
 garbage-first heap   total 94208K, used 15845K [0x0000000080000000, 0x0000000100000000)
  region size 1024K, 10 young (10240K), 2 survivors (2048K)
 Metaspace       used 9930K, capacity 10170K, committed 10368K, reserved 1058816K
  class space    used 1011K, capacity 1075K, committed 1152K, reserved 1048576K
}
Event: 2.164 GC heap after
{Heap after GC invocations=2 (full 0):
 garbage-first heap   total 94208K, used 9537K [0x0000000080000000, 0x0000000100000000)
  region size 1024K, 2 young (2048K), 2 survivors (2048K)
 Metaspace       used 9930K, capacity 10170K, committed 10368K, reserved 1058816K
  class space    used 1011K, capacity 1075K, committed 1152K, reserved 1048576K
}
Event: 2.954 GC heap before
{Heap before GC invocations=2 (full 0):
 garbage-first heap   total 94208K, used 33089K [0x0000000080000000, 0x0000000100000000)
  region size 1024K, 25 young (25600K), 2 survivors (2048K)
 Metaspace       used 11164K, capacity 11448K, committed 11520K, reserved 1058816K
  class space    used 1165K, capacity 1245K, committed 1280K, reserved 1048576K
}
Event: 2.960 GC heap after
{Heap after GC invocations=3 (full 0):
 garbage-first heap   total 94208K, used 9919K [0x0000000080000000, 0x0000000100000000)
  region size 1024K, 3 young (3072K), 3 survivors (3072K)
 Metaspace       used 11164K, capacity 11448K, committed 11520K, reserved 1058816K
  class space    used 1165K, capacity 1245K, committed 1280K, reserved 1048576K
}
Event: 4.190 GC heap before
{Heap before GC invocations=3 (full 0):
 garbage-first heap   total 94208K, used 43711K [0x0000000080000000, 0x0000000100000000)
  region size 1024K, 36 young (36864K), 3 survivors (3072K)
 Metaspace       used 13429K, capacity 13819K, committed 13952K, reserved 1060864K
  class space    used 1486K, capacity 1590K, committed 1664K, reserved 1048576K
}
Event: 4.208 GC heap after
{Heap after GC invocations=4 (full 0):
 garbage-first heap   total 94208K, used 15091K [0x0000000080000000, 0x0000000100000000)
  region size 1024K, 5 young (5120K), 5 survivors (5120K)
 Metaspace       used 13429K, capacity 13819K, committed 13952K, reserved 1060864K
  class space    used 1486K, capacity 1590K, committed 1664K, reserved 1048576K
}
Event: 6.349 GC heap before
{Heap before GC invocations=4 (full 0):
 garbage-first heap   total 94208K, used 57075K [0x0000000080000000, 0x0000000100000000)
  region size 1024K, 47 young (48128K), 5 survivors (5120K)
 Metaspace       used 20596K, capacity 21127K, committed 21296K, reserved 1069056K
  class space    used 2509K, capacity 2669K, committed 2688K, reserved 1048576K
}
Event: 6.365 GC heap after
{Heap after GC invocations=5 (full 0):
 garbage-first heap   total 94208K, used 17009K [0x0000000080000000, 0x0000000100000000)
  region size 1024K, 3 young (3072K), 3 survivors (3072K)
 Metaspace       used 20596K, capacity 21127K, committed 21296K, reserved 1069056K
  class space    used 2509K, capacity 2669K, committed 2688K, reserved 1048576K
}
Event: 7.328 GC heap before
{Heap before GC invocations=6 (full 0):
 garbage-first heap   total 94208K, used 60017K [0x0000000080000000, 0x0000000100000000)
  region size 1024K, 45 young (46080K), 3 survivors (3072K)
 Metaspace       used 24938K, capacity 25571K, committed 25648K, reserved 1071104K
  class space    used 3222K, capacity 3431K, committed 3456K, reserved 1048576K
}
Event: 7.336 GC heap after
{Heap after GC invocations=7 (full 0):
 garbage-first heap   total 94208K, used 18583K [0x0000000080000000, 0x0000000100000000)
  region size 1024K, 4 young (4096K), 4 survivors (4096K)
 Metaspace       used 24938K, capacity 25571K, committed 25648K, reserved 1071104K
  class space    used 3222K, capacity 3431K, committed 3456K, reserved 1048576K
}
Event: 8.796 GC heap before
{Heap before GC invocations=7 (full 0):
 garbage-first heap   total 94208K, used 72855K [0x0000000080000000, 0x0000000100000000)
  region size 1024K, 47 young (48128K), 4 survivors (4096K)
 Metaspace       used 28905K, capacity 29780K, committed 30000K, reserved 1075200K
  class space    used 3854K, capacity 4172K, committed 4224K, reserved 1048576K
}
Event: 8.808 GC heap after
{Heap after GC invocations=8 (full 0):
 garbage-first heap   total 94208K, used 32339K [0x0000000080000000, 0x0000000100000000)
  region size 1024K, 6 young (6144K), 6 survivors (6144K)
 Metaspace       used 28905K, capacity 29780K, committed 30000K, reserved 1075200K
  class space    used 3854K, capacity 4172K, committed 4224K, reserved 1048576K
}
Event: 9.669 GC heap before
{Heap before GC invocations=8 (full 0):
 garbage-first heap   total 94208K, used 59987K [0x0000000080000000, 0x0000000100000000)
  region size 1024K, 34 young (34816K), 6 survivors (6144K)
 Metaspace       used 34642K, capacity 35555K, committed 35708K, reserved 1081344K
  class space    used 4532K, capacity 4863K, committed 4864K, reserved 1048576K
}

