# JRE version: OpenJDK Runtime Environment (11.0.10) (build 11.0.10+0-b96-7249189)
# Java VM: OpenJDK 64-Bit Server VM (11.0.10+0-b96-7249189, mixed mode, tiered, compressed oops, g1 gc, windows-amd64)
Heap:
 garbage-first heap   total 441344K, used 191467K [0x0000000080000000, 0x0000000100000000)
  region size 1024K, 4 young (4096K), 4 survivors (4096K)
 Metaspace       used 109076K, capacity 111747K, committed 111872K, reserved 1146880K
  class space    used 13771K, capacity 14811K, committed 14848K, reserved 1048576K
GC Heap History (20 events):
Event: 81.565 GC heap after
{Heap after GC invocations=81 (full 0):
 garbage-first heap   total 371712K, used 174493K [0x0000000080000000, 0x0000000100000000)
  region size 1024K, 15 young (15360K), 15 survivors (15360K)
 Metaspace       used 109025K, capacity 111723K, committed 111872K, reserved 1146880K
  class space    used 13768K, capacity 14808K, committed 14848K, reserved 1048576K
}
Event: 82.587 GC heap before
{Heap before GC invocations=81 (full 0):
 garbage-first heap   total 371712K, used 317853K [0x0000000080000000, 0x0000000100000000)
  region size 1024K, 155 young (158720K), 15 survivors (15360K)
 Metaspace       used 109048K, capacity 111732K, committed 111872K, reserved 1146880K
  class space    used 13768K, capacity 14809K, committed 14848K, reserved 1048576K
}
Event: 82.632 GC heap after
{Heap after GC invocations=82 (full 0):
 garbage-first heap   total 371712K, used 181033K [0x0000000080000000, 0x0000000100000000)
  region size 1024K, 18 young (18432K), 18 survivors (18432K)
 Metaspace       used 109048K, capacity 111732K, committed 111872K, reserved 1146880K
  class space    used 13768K, capacity 14809K, committed 14848K, reserved 1048576K
}
Event: 83.427 GC heap before
{Heap before GC invocations=82 (full 0):
 garbage-first heap   total 371712K, used 314153K [0x0000000080000000, 0x0000000100000000)
  region size 1024K, 148 young (151552K), 18 survivors (18432K)
 Metaspace       used 109051K, capacity 111732K, committed 111872K, reserved 1146880K
  class space    used 13768K, capacity 14809K, committed 14848K, reserved 1048576K
}
Event: 83.477 GC heap after
{Heap after GC invocations=83 (full 0):
 garbage-first heap   total 371712K, used 187408K [0x0000000080000000, 0x0000000100000000)
  region size 1024K, 16 young (16384K), 16 survivors (16384K)
 Metaspace       used 109051K, capacity 111732K, committed 111872K, reserved 1146880K
  class space    used 13768K, capacity 14809K, committed 14848K, reserved 1048576K
}
Event: 84.290 GC heap before
{Heap before GC invocations=83 (full 0):
 garbage-first heap   total 371712K, used 313360K [0x0000000080000000, 0x0000000100000000)
  region size 1024K, 139 young (142336K), 16 survivors (16384K)
 Metaspace       used 109054K, capacity 111732K, committed 111872K, reserved 1146880K
  class space    used 13769K, capacity 14809K, committed 14848K, reserved 1048576K
}
Event: 84.316 GC heap after
{Heap after GC invocations=84 (full 0):
 garbage-first heap   total 371712K, used 189419K [0x0000000080000000, 0x0000000100000000)
  region size 1024K, 2 young (2048K), 2 survivors (2048K)
 Metaspace       used 109054K, capacity 111732K, committed 111872K, reserved 1146880K
  class space    used 13769K, capacity 14809K, committed 14848K, reserved 1048576K
}
Event: 85.107 GC heap before
{Heap before GC invocations=84 (full 0):
 garbage-first heap   total 371712K, used 316395K [0x0000000080000000, 0x0000000100000000)
  region size 1024K, 126 young (129024K), 2 survivors (2048K)
 Metaspace       used 109058K, capacity 111733K, committed 111872K, reserved 1146880K
  class space    used 13769K, capacity 14809K, committed 14848K, reserved 1048576K
}
Event: 85.118 GC heap after
{Heap after GC invocations=85 (full 0):
 garbage-first heap   total 371712K, used 189295K [0x0000000080000000, 0x0000000100000000)
  region size 1024K, 2 young (2048K), 2 survivors (2048K)
 Metaspace       used 109058K, capacity 111733K, committed 111872K, reserved 1146880K
  class space    used 13769K, capacity 14809K, committed 14848K, reserved 1048576K
}
Event: 85.954 GC heap before
{Heap before GC invocations=85 (full 0):
 garbage-first heap   total 371712K, used 318319K [0x0000000080000000, 0x0000000100000000)
  region size 1024K, 128 young (131072K), 2 survivors (2048K)
 Metaspace       used 109059K, capacity 111733K, committed 111872K, reserved 1146880K
  class space    used 13770K, capacity 14809K, committed 14848K, reserved 1048576K
}
Event: 85.975 GC heap after
{Heap after GC invocations=86 (full 0):
 garbage-first heap   total 371712K, used 189285K [0x0000000080000000, 0x0000000100000000)
  region size 1024K, 2 young (2048K), 2 survivors (2048K)
 Metaspace       used 109059K, capacity 111733K, committed 111872K, reserved 1146880K
  class space    used 13770K, capacity 14809K, committed 14848K, reserved 1048576K
}
Event: 86.873 GC heap before
{Heap before GC invocations=86 (full 0):
 garbage-first heap   total 371712K, used 320357K [0x0000000080000000, 0x0000000100000000)
  region size 1024K, 130 young (133120K), 2 survivors (2048K)
 Metaspace       used 109060K, capacity 111733K, committed 111872K, reserved 1146880K
  class space    used 13770K, capacity 14809K, committed 14848K, reserved 1048576K
}
Event: 86.888 GC heap after
{Heap after GC invocations=87 (full 0):
 garbage-first heap   total 371712K, used 189994K [0x0000000080000000, 0x0000000100000000)
  region size 1024K, 3 young (3072K), 3 survivors (3072K)
 Metaspace       used 109060K, capacity 111733K, committed 111872K, reserved 1146880K
  class space    used 13770K, capacity 14809K, committed 14848K, reserved 1048576K
}
Event: 87.646 GC heap before
{Heap before GC invocations=87 (full 0):
 garbage-first heap   total 371712K, used 321066K [0x0000000080000000, 0x0000000100000000)
  region size 1024K, 131 young (134144K), 3 survivors (3072K)
 Metaspace       used 109062K, capacity 111733K, committed 111872K, reserved 1146880K
  class space    used 13770K, capacity 14809K, committed 14848K, reserved 1048576K
}
Event: 87.664 GC heap after
{Heap after GC invocations=88 (full 0):
 garbage-first heap   total 371712K, used 190670K [0x0000000080000000, 0x0000000100000000)
  region size 1024K, 4 young (4096K), 4 survivors (4096K)
 Metaspace       used 109062K, capacity 111733K, committed 111872K, reserved 1146880K
  class space    used 13770K, capacity 14809K, committed 14848K, reserved 1048576K
}
Event: 88.338 GC heap before
{Heap before GC invocations=88 (full 0):
 garbage-first heap   total 371712K, used 322766K [0x0000000080000000, 0x0000000100000000)
  region size 1024K, 133 young (136192K), 4 survivors (4096K)
 Metaspace       used 109070K, capacity 111745K, committed 111872K, reserved 1146880K
  class space    used 13771K, capacity 14811K, committed 14848K, reserved 1048576K
}
Event: 88.354 GC heap after
{Heap after GC invocations=89 (full 0):
 garbage-first heap   total 371712K, used 191300K [0x0000000080000000, 0x0000000100000000)
  region size 1024K, 4 young (4096K), 4 survivors (4096K)
 Metaspace       used 109070K, capacity 111745K, committed 111872K, reserved 1146880K
  class space    used 13771K, capacity 14811K, committed 14848K, reserved 1048576K
}
Event: 89.203 GC heap before
{Heap before GC invocations=89 (full 0):
 garbage-first heap   total 371712K, used 325444K [0x0000000080000000, 0x0000000100000000)
  region size 1024K, 134 young (137216K), 4 survivors (4096K)
 Metaspace       used 109076K, capacity 111747K, committed 111872K, reserved 1146880K
  class space    used 13771K, capacity 14811K, committed 14848K, reserved 1048576K
}
Event: 89.232 GC heap after
{Heap after GC invocations=90 (full 0):
 garbage-first heap   total 371712K, used 190772K [0x0000000080000000, 0x0000000100000000)
  region size 1024K, 4 young (4096K), 4 survivors (4096K)
 Metaspace       used 109076K, capacity 111747K, committed 111872K, reserved 1146880K
  class space    used 13771K, capacity 14811K, committed 14848K, reserved 1048576K
}
Event: 90.004 GC heap before
{Heap before GC invocations=90 (full 0):
 garbage-first heap   total 371712K, used 323892K [0x0000000080000000, 0x0000000100000000)
  region size 1024K, 134 young (137216K), 4 survivors (4096K)
 Metaspace       used 109076K, capacity 111747K, committed 111872K, reserved 1146880K
  class space    used 13771K, capacity 14811K, committed 14848K, reserved 1048576K
}

