# JRE version: OpenJDK Runtime Environment (11.0.10) (build 11.0.10+0-b96-7249189)
# Java VM: OpenJDK 64-Bit Server VM (11.0.10+0-b96-7249189, mixed mode, tiered, compressed oops, g1 gc, windows-amd64)
Heap:
 garbage-first heap   total 113664K, used 50945K [0x0000000080000000, 0x0000000100000000)
  region size 1024K, 35 young (35840K), 3 survivors (3072K)
 Metaspace       used 27887K, capacity 28632K, committed 28800K, reserved 1075200K
  class space    used 3690K, capacity 3932K, committed 3968K, reserved 1048576K
GC Heap History (12 events):
Event: 0.995 GC heap before
{Heap before GC invocations=0 (full 0):
 garbage-first heap   total 94208K, used 17408K [0x0000000080000000, 0x0000000100000000)
  region size 1024K, 14 young (14336K), 0 survivors (0K)
 Metaspace       used 6785K, capacity 6989K, committed 7168K, reserved 1056768K
  class space    used 584K, capacity 650K, committed 768K, reserved 1048576K
}
Event: 1.006 GC heap after
{Heap after GC invocations=1 (full 0):
 garbage-first heap   total 94208K, used 4817K [0x0000000080000000, 0x0000000100000000)
  region size 1024K, 2 young (2048K), 2 survivors (2048K)
 Metaspace       used 6785K, capacity 6989K, committed 7168K, reserved 1056768K
  class space    used 584K, capacity 650K, committed 768K, reserved 1048576K
}
Event: 1.794 GC heap before
{Heap before GC invocations=1 (full 0):
 garbage-first heap   total 94208K, used 20177K [0x0000000080000000, 0x0000000100000000)
  region size 1024K, 14 young (14336K), 2 survivors (2048K)
 Metaspace       used 10287K, capacity 10491K, committed 10624K, reserved 1058816K
  class space    used 1065K, capacity 1141K, committed 1152K, reserved 1048576K
}
Event: 1.802 GC heap after
{Heap after GC invocations=2 (full 0):
 garbage-first heap   total 94208K, used 9811K [0x0000000080000000, 0x0000000100000000)
  region size 1024K, 2 young (2048K), 2 survivors (2048K)
 Metaspace       used 10287K, capacity 10491K, committed 10624K, reserved 1058816K
  class space    used 1065K, capacity 1141K, committed 1152K, reserved 1048576K
}
Event: 2.541 GC heap before
{Heap before GC invocations=2 (full 0):
 garbage-first heap   total 94208K, used 38483K [0x0000000080000000, 0x0000000100000000)
  region size 1024K, 29 young (29696K), 2 survivors (2048K)
 Metaspace       used 11208K, capacity 11508K, committed 11776K, reserved 1060864K
  class space    used 1167K, capacity 1245K, committed 1280K, reserved 1048576K
}
Event: 2.548 GC heap after
{Heap after GC invocations=3 (full 0):
 garbage-first heap   total 94208K, used 12986K [0x0000000080000000, 0x0000000100000000)
  region size 1024K, 4 young (4096K), 4 survivors (4096K)
 Metaspace       used 11208K, capacity 11508K, committed 11776K, reserved 1060864K
  class space    used 1167K, capacity 1245K, committed 1280K, reserved 1048576K
}
Event: 3.732 GC heap before
{Heap before GC invocations=3 (full 0):
 garbage-first heap   total 94208K, used 48826K [0x0000000080000000, 0x0000000100000000)
  region size 1024K, 40 young (40960K), 4 survivors (4096K)
 Metaspace       used 17157K, capacity 17621K, committed 17792K, reserved 1064960K
  class space    used 1969K, capacity 2120K, committed 2176K, reserved 1048576K
}
Event: 3.747 GC heap after
{Heap after GC invocations=4 (full 0):
 garbage-first heap   total 94208K, used 15909K [0x0000000080000000, 0x0000000100000000)
  region size 1024K, 5 young (5120K), 5 survivors (5120K)
 Metaspace       used 17157K, capacity 17621K, committed 17792K, reserved 1064960K
  class space    used 1969K, capacity 2120K, committed 2176K, reserved 1048576K
}
Event: 4.311 GC heap before
{Heap before GC invocations=4 (full 0):
 garbage-first heap   total 94208K, used 44581K [0x0000000080000000, 0x0000000100000000)
  region size 1024K, 35 young (35840K), 5 survivors (5120K)
 Metaspace       used 20591K, capacity 21092K, committed 21248K, reserved 1067008K
  class space    used 2505K, capacity 2690K, committed 2816K, reserved 1048576K
}
Event: 4.323 GC heap after
{Heap after GC invocations=5 (full 0):
 garbage-first heap   total 113664K, used 17736K [0x0000000080000000, 0x0000000100000000)
  region size 1024K, 2 young (2048K), 2 survivors (2048K)
 Metaspace       used 20591K, capacity 21092K, committed 21248K, reserved 1067008K
  class space    used 2505K, capacity 2690K, committed 2816K, reserved 1048576K
}
Event: 5.241 GC heap before
{Heap before GC invocations=6 (full 0):
 garbage-first heap   total 113664K, used 60744K [0x0000000080000000, 0x0000000100000000)
  region size 1024K, 44 young (45056K), 2 survivors (2048K)
 Metaspace       used 24891K, capacity 25507K, committed 25728K, reserved 1071104K
  class space    used 3216K, capacity 3421K, committed 3456K, reserved 1048576K
}
Event: 5.246 GC heap after
{Heap after GC invocations=7 (full 0):
 garbage-first heap   total 113664K, used 19201K [0x0000000080000000, 0x0000000100000000)
  region size 1024K, 3 young (3072K), 3 survivors (3072K)
 Metaspace       used 24891K, capacity 25507K, committed 25728K, reserved 1071104K
  class space    used 3216K, capacity 3421K, committed 3456K, reserved 1048576K
}

