# JRE version: OpenJDK Runtime Environment (11.0.10) (build 11.0.10+0-b96-7249189)
# Java VM: OpenJDK 64-Bit Server VM (11.0.10+0-b96-7249189, mixed mode, tiered, compressed oops, g1 gc, windows-amd64)
Heap:
 garbage-first heap   total 164864K, used 95091K [0x0000000080000000, 0x0000000100000000)
  region size 1024K, 48 young (49152K), 4 survivors (4096K)
 Metaspace       used 62821K, capacity 64352K, committed 64640K, reserved 1105920K
  class space    used 7939K, capacity 8504K, committed 8576K, reserved 1048576K
GC Heap History (20 events):
Event: 3.849 GC heap before
{Heap before GC invocations=3 (full 0):
 garbage-first heap   total 94208K, used 46171K [0x0000000080000000, 0x0000000100000000)
  region size 1024K, 38 young (38912K), 3 survivors (3072K)
 Metaspace       used 16673K, capacity 17097K, committed 17152K, reserved 1064960K
  class space    used 1903K, capacity 2043K, committed 2048K, reserved 1048576K
}
Event: 3.857 GC heap after
{Heap after GC invocations=4 (full 0):
 garbage-first heap   total 94208K, used 15806K [0x0000000080000000, 0x0000000100000000)
  region size 1024K, 5 young (5120K), 5 survivors (5120K)
 Metaspace       used 16673K, capacity 17097K, committed 17152K, reserved 1064960K
  class space    used 1903K, capacity 2043K, committed 2048K, reserved 1048576K
}
Event: 4.436 GC heap before
{Heap before GC invocations=4 (full 0):
 garbage-first heap   total 94208K, used 47550K [0x0000000080000000, 0x0000000100000000)
  region size 1024K, 38 young (38912K), 5 survivors (5120K)
 Metaspace       used 20537K, capacity 21092K, committed 21248K, reserved 1067008K
  class space    used 2501K, capacity 2690K, committed 2816K, reserved 1048576K
}
Event: 4.446 GC heap after
{Heap after GC invocations=5 (full 0):
 garbage-first heap   total 113664K, used 16732K [0x0000000080000000, 0x0000000100000000)
  region size 1024K, 5 young (5120K), 5 survivors (5120K)
 Metaspace       used 20537K, capacity 21092K, committed 21248K, reserved 1067008K
  class space    used 2501K, capacity 2690K, committed 2816K, reserved 1048576K
}
Event: 5.468 GC heap before
{Heap before GC invocations=6 (full 0):
 garbage-first heap   total 113664K, used 60764K [0x0000000080000000, 0x0000000100000000)
  region size 1024K, 48 young (49152K), 5 survivors (5120K)
 Metaspace       used 25138K, capacity 25737K, committed 25984K, reserved 1071104K
  class space    used 3255K, capacity 3455K, committed 3456K, reserved 1048576K
}
Event: 5.476 GC heap after
{Heap after GC invocations=7 (full 0):
 garbage-first heap   total 113664K, used 18568K [0x0000000080000000, 0x0000000100000000)
  region size 1024K, 3 young (3072K), 3 survivors (3072K)
 Metaspace       used 25138K, capacity 25737K, committed 25984K, reserved 1071104K
  class space    used 3255K, capacity 3455K, committed 3456K, reserved 1048576K
}
Event: 7.225 GC heap before
{Heap before GC invocations=7 (full 0):
 garbage-first heap   total 113664K, used 75912K [0x0000000080000000, 0x0000000100000000)
  region size 1024K, 59 young (60416K), 3 survivors (3072K)
 Metaspace       used 31794K, capacity 32558K, committed 32640K, reserved 1077248K
  class space    used 4193K, capacity 4475K, committed 4480K, reserved 1048576K
}
Event: 7.237 GC heap after
{Heap after GC invocations=8 (full 0):
 garbage-first heap   total 113664K, used 20983K [0x0000000080000000, 0x0000000100000000)
  region size 1024K, 6 young (6144K), 6 survivors (6144K)
 Metaspace       used 31794K, capacity 32558K, committed 32640K, reserved 1077248K
  class space    used 4193K, capacity 4475K, committed 4480K, reserved 1048576K
}
Event: 7.564 GC heap before
{Heap before GC invocations=8 (full 0):
 garbage-first heap   total 113664K, used 29175K [0x0000000080000000, 0x0000000100000000)
  region size 1024K, 15 young (15360K), 6 survivors (6144K)
 Metaspace       used 35015K, capacity 35794K, committed 35840K, reserved 1081344K
  class space    used 4535K, capacity 4832K, committed 4864K, reserved 1048576K
}
Event: 7.580 GC heap after
{Heap after GC invocations=9 (full 0):
 garbage-first heap   total 113664K, used 23129K [0x0000000080000000, 0x0000000100000000)
  region size 1024K, 5 young (5120K), 5 survivors (5120K)
 Metaspace       used 35015K, capacity 35794K, committed 35840K, reserved 1081344K
  class space    used 4535K, capacity 4832K, committed 4864K, reserved 1048576K
}
Event: 9.053 GC heap before
{Heap before GC invocations=10 (full 0):
 garbage-first heap   total 113664K, used 83545K [0x0000000080000000, 0x0000000100000000)
  region size 1024K, 61 young (62464K), 5 survivors (5120K)
 Metaspace       used 39051K, capacity 39948K, committed 40192K, reserved 1083392K
  class space    used 4975K, capacity 5315K, committed 5376K, reserved 1048576K
}
Event: 9.071 GC heap after
{Heap after GC invocations=11 (full 0):
 garbage-first heap   total 137216K, used 27583K [0x0000000080000000, 0x0000000100000000)
  region size 1024K, 7 young (7168K), 7 survivors (7168K)
 Metaspace       used 39051K, capacity 39948K, committed 40192K, reserved 1083392K
  class space    used 4975K, capacity 5315K, committed 5376K, reserved 1048576K
}
Event: 10.667 GC heap before
{Heap before GC invocations=11 (full 0):
 garbage-first heap   total 137216K, used 94143K [0x0000000080000000, 0x0000000100000000)
  region size 1024K, 71 young (72704K), 7 survivors (7168K)
 Metaspace       used 45016K, capacity 46090K, committed 46208K, reserved 1089536K
  class space    used 5775K, capacity 6187K, committed 6272K, reserved 1048576K
}
Event: 10.683 GC heap after
{Heap after GC invocations=12 (full 0):
 garbage-first heap   total 137216K, used 29140K [0x0000000080000000, 0x0000000100000000)
  region size 1024K, 3 young (3072K), 3 survivors (3072K)
 Metaspace       used 45016K, capacity 46090K, committed 46208K, reserved 1089536K
  class space    used 5775K, capacity 6187K, committed 6272K, reserved 1048576K
}
Event: 13.278 GC heap before
{Heap before GC invocations=12 (full 0):
 garbage-first heap   total 137216K, used 114132K [0x0000000080000000, 0x0000000100000000)
  region size 1024K, 79 young (80896K), 3 survivors (3072K)
 Metaspace       used 49874K, capacity 51235K, committed 51456K, reserved 1093632K
  class space    used 6332K, capacity 6835K, committed 6912K, reserved 1048576K
}
Event: 13.294 GC heap after
{Heap after GC invocations=13 (full 0):
 garbage-first heap   total 137216K, used 47767K [0x0000000080000000, 0x0000000100000000)
  region size 1024K, 10 young (10240K), 10 survivors (10240K)
 Metaspace       used 49874K, capacity 51235K, committed 51456K, reserved 1093632K
  class space    used 6332K, capacity 6835K, committed 6912K, reserved 1048576K
}
Event: 15.240 GC heap before
{Heap before GC invocations=13 (full 0):
 garbage-first heap   total 137216K, used 105111K [0x0000000080000000, 0x0000000100000000)
  region size 1024K, 66 young (67584K), 10 survivors (10240K)
 Metaspace       used 58287K, capacity 59850K, committed 60032K, reserved 1101824K
  class space    used 7391K, capacity 7975K, committed 8064K, reserved 1048576K
}
Event: 15.258 GC heap after
{Heap after GC invocations=14 (full 0):
 garbage-first heap   total 137216K, used 50904K [0x0000000080000000, 0x0000000100000000)
  region size 1024K, 3 young (3072K), 3 survivors (3072K)
 Metaspace       used 58287K, capacity 59850K, committed 60032K, reserved 1101824K
  class space    used 7391K, capacity 7975K, committed 8064K, reserved 1048576K
}
Event: 15.359 GC heap before
{Heap before GC invocations=14 (full 0):
 garbage-first heap   total 137216K, used 51928K [0x0000000080000000, 0x0000000100000000)
  region size 1024K, 5 young (5120K), 3 survivors (3072K)
 Metaspace       used 58536K, capacity 60045K, committed 60160K, reserved 1101824K
  class space    used 7410K, capacity 7976K, committed 8064K, reserved 1048576K
}
Event: 15.369 GC heap after
{Heap after GC invocations=15 (full 0):
 garbage-first heap   total 164864K, used 51059K [0x0000000080000000, 0x0000000100000000)
  region size 1024K, 4 young (4096K), 4 survivors (4096K)
 Metaspace       used 58536K, capacity 60045K, committed 60160K, reserved 1101824K
  class space    used 7410K, capacity 7976K, committed 8064K, reserved 1048576K
}

