# JRE version: OpenJDK Runtime Environment (11.0.10) (build 11.0.10+0-b96-7249189)
# Java VM: OpenJDK 64-Bit Server VM (11.0.10+0-b96-7249189, mixed mode, tiered, compressed oops, g1 gc, windows-amd64)
Heap:
 garbage-first heap   total 113664K, used 57857K [0x0000000080000000, 0x0000000100000000)
  region size 1024K, 38 young (38912K), 8 survivors (8192K)
 Metaspace       used 42451K, capacity 43420K, committed 43648K, reserved 1087488K
  class space    used 5384K, capacity 5741K, committed 5760K, reserved 1048576K
GC Heap History (18 events):
Event: 0.956 GC heap before
{Heap before GC invocations=0 (full 0):
 garbage-first heap   total 94208K, used 17408K [0x0000000080000000, 0x0000000100000000)
  region size 1024K, 14 young (14336K), 0 survivors (0K)
 Metaspace       used 6774K, capacity 6993K, committed 7168K, reserved 1056768K
  class space    used 584K, capacity 650K, committed 768K, reserved 1048576K
}
Event: 0.964 GC heap after
{Heap after GC invocations=1 (full 0):
 garbage-first heap   total 94208K, used 4534K [0x0000000080000000, 0x0000000100000000)
  region size 1024K, 2 young (2048K), 2 survivors (2048K)
 Metaspace       used 6774K, capacity 6993K, committed 7168K, reserved 1056768K
  class space    used 584K, capacity 650K, committed 768K, reserved 1048576K
}
Event: 1.435 GC heap before
{Heap before GC invocations=1 (full 0):
 garbage-first heap   total 94208K, used 18870K [0x0000000080000000, 0x0000000100000000)
  region size 1024K, 13 young (13312K), 2 survivors (2048K)
 Metaspace       used 10289K, capacity 10495K, committed 10624K, reserved 1058816K
  class space    used 1065K, capacity 1141K, committed 1152K, reserved 1048576K
}
Event: 1.442 GC heap after
{Heap after GC invocations=2 (full 0):
 garbage-first heap   total 94208K, used 9669K [0x0000000080000000, 0x0000000100000000)
  region size 1024K, 2 young (2048K), 2 survivors (2048K)
 Metaspace       used 10289K, capacity 10495K, committed 10624K, reserved 1058816K
  class space    used 1065K, capacity 1141K, committed 1152K, reserved 1048576K
}
Event: 2.168 GC heap before
{Heap before GC invocations=2 (full 0):
 garbage-first heap   total 94208K, used 36293K [0x0000000080000000, 0x0000000100000000)
  region size 1024K, 28 young (28672K), 2 survivors (2048K)
 Metaspace       used 11209K, capacity 11512K, committed 11776K, reserved 1060864K
  class space    used 1167K, capacity 1245K, committed 1280K, reserved 1048576K
}
Event: 2.174 GC heap after
{Heap after GC invocations=3 (full 0):
 garbage-first heap   total 94208K, used 10613K [0x0000000080000000, 0x0000000100000000)
  region size 1024K, 3 young (3072K), 3 survivors (3072K)
 Metaspace       used 11209K, capacity 11512K, committed 11776K, reserved 1060864K
  class space    used 1167K, capacity 1245K, committed 1280K, reserved 1048576K
}
Event: 3.549 GC heap before
{Heap before GC invocations=3 (full 0):
 garbage-first heap   total 94208K, used 46453K [0x0000000080000000, 0x0000000100000000)
  region size 1024K, 38 young (38912K), 3 survivors (3072K)
 Metaspace       used 16343K, capacity 16778K, committed 16896K, reserved 1064960K
  class space    used 1865K, capacity 2002K, committed 2048K, reserved 1048576K
}
Event: 3.573 GC heap after
{Heap after GC invocations=4 (full 0):
 garbage-first heap   total 94208K, used 15536K [0x0000000080000000, 0x0000000100000000)
  region size 1024K, 5 young (5120K), 5 survivors (5120K)
 Metaspace       used 16343K, capacity 16778K, committed 16896K, reserved 1064960K
  class space    used 1865K, capacity 2002K, committed 2048K, reserved 1048576K
}
Event: 4.369 GC heap before
{Heap before GC invocations=4 (full 0):
 garbage-first heap   total 94208K, used 48304K [0x0000000080000000, 0x0000000100000000)
  region size 1024K, 38 young (38912K), 5 survivors (5120K)
 Metaspace       used 20536K, capacity 21096K, committed 21248K, reserved 1067008K
  class space    used 2500K, capacity 2690K, committed 2816K, reserved 1048576K
}
Event: 4.379 GC heap after
{Heap after GC invocations=5 (full 0):
 garbage-first heap   total 113664K, used 16856K [0x0000000080000000, 0x0000000100000000)
  region size 1024K, 2 young (2048K), 2 survivors (2048K)
 Metaspace       used 20536K, capacity 21096K, committed 21248K, reserved 1067008K
  class space    used 2500K, capacity 2690K, committed 2816K, reserved 1048576K
}
Event: 5.558 GC heap before
{Heap before GC invocations=6 (full 0):
 garbage-first heap   total 113664K, used 64984K [0x0000000080000000, 0x0000000100000000)
  region size 1024K, 49 young (50176K), 2 survivors (2048K)
 Metaspace       used 25661K, capacity 26364K, committed 26496K, reserved 1073152K
  class space    used 3353K, capacity 3600K, committed 3712K, reserved 1048576K
}
Event: 5.566 GC heap after
{Heap after GC invocations=7 (full 0):
 garbage-first heap   total 113664K, used 18604K [0x0000000080000000, 0x0000000100000000)
  region size 1024K, 3 young (3072K), 3 survivors (3072K)
 Metaspace       used 25661K, capacity 26364K, committed 26496K, reserved 1073152K
  class space    used 3353K, capacity 3600K, committed 3712K, reserved 1048576K
}
Event: 8.634 GC heap before
{Heap before GC invocations=7 (full 0):
 garbage-first heap   total 113664K, used 76972K [0x0000000080000000, 0x0000000100000000)
  region size 1024K, 60 young (61440K), 3 survivors (3072K)
 Metaspace       used 34768K, capacity 35542K, committed 35584K, reserved 1079296K
  class space    used 4525K, capacity 4832K, committed 4864K, reserved 1048576K
}
Event: 8.648 GC heap after
{Heap after GC invocations=8 (full 0):
 garbage-first heap   total 113664K, used 22183K [0x0000000080000000, 0x0000000100000000)
  region size 1024K, 7 young (7168K), 7 survivors (7168K)
 Metaspace       used 34768K, capacity 35542K, committed 35584K, reserved 1079296K
  class space    used 4525K, capacity 4832K, committed 4864K, reserved 1048576K
}
Event: 8.787 GC heap before
{Heap before GC invocations=8 (full 0):
 garbage-first heap   total 113664K, used 22183K [0x0000000080000000, 0x0000000100000000)
  region size 1024K, 9 young (9216K), 7 survivors (7168K)
 Metaspace       used 35065K, capacity 35798K, committed 35840K, reserved 1081344K
  class space    used 4537K, capacity 4832K, committed 4864K, reserved 1048576K
}
Event: 8.804 GC heap after
{Heap after GC invocations=9 (full 0):
 garbage-first heap   total 113664K, used 22573K [0x0000000080000000, 0x0000000100000000)
  region size 1024K, 4 young (4096K), 4 survivors (4096K)
 Metaspace       used 35065K, capacity 35798K, committed 35840K, reserved 1081344K
  class space    used 4537K, capacity 4832K, committed 4864K, reserved 1048576K
}
Event: 10.531 GC heap before
{Heap before GC invocations=10 (full 0):
 garbage-first heap   total 113664K, used 80941K [0x0000000080000000, 0x0000000100000000)
  region size 1024K, 58 young (59392K), 4 survivors (4096K)
 Metaspace       used 38956K, capacity 39824K, committed 39936K, reserved 1083392K
  class space    used 4966K, capacity 5315K, committed 5376K, reserved 1048576K
}
Event: 10.547 GC heap after
{Heap after GC invocations=11 (full 0):
 garbage-first heap   total 113664K, used 27137K [0x0000000080000000, 0x0000000100000000)
  region size 1024K, 8 young (8192K), 8 survivors (8192K)
 Metaspace       used 38956K, capacity 39824K, committed 39936K, reserved 1083392K
  class space    used 4966K, capacity 5315K, committed 5376K, reserved 1048576K
}

