# JRE version: OpenJDK Runtime Environment (11.0.10) (build 11.0.10+0-b96-7249189)
# Java VM: OpenJDK 64-Bit Server VM (11.0.10+0-b96-7249189, mixed mode, tiered, compressed oops, g1 gc, windows-amd64)
Heap:
 garbage-first heap   total 137216K, used 60036K [0x0000000080000000, 0x0000000100000000)
  region size 1024K, 8 young (8192K), 6 survivors (6144K)
 Metaspace       used 67996K, capacity 69541K, committed 69760K, reserved 1116160K
  class space    used 8638K, capacity 9247K, committed 9344K, reserved 1048576K
GC Heap History (20 events):
Event: 10.519 GC heap before
{Heap before GC invocations=10 (full 0):
 garbage-first heap   total 113664K, used 65767K [0x0000000080000000, 0x0000000100000000)
  region size 1024K, 43 young (44032K), 4 survivors (4096K)
 Metaspace       used 38344K, capacity 39250K, committed 39296K, reserved 1083392K
  class space    used 4885K, capacity 5211K, committed 5248K, reserved 1048576K
}
Event: 10.537 GC heap after
{Heap after GC invocations=11 (full 0):
 garbage-first heap   total 113664K, used 26473K [0x0000000080000000, 0x0000000100000000)
  region size 1024K, 5 young (5120K), 5 survivors (5120K)
 Metaspace       used 38344K, capacity 39250K, committed 39296K, reserved 1083392K
  class space    used 4885K, capacity 5211K, committed 5248K, reserved 1048576K
}
Event: 11.865 GC heap before
{Heap before GC invocations=11 (full 0):
 garbage-first heap   total 113664K, used 67433K [0x0000000080000000, 0x0000000100000000)
  region size 1024K, 45 young (46080K), 5 survivors (5120K)
 Metaspace       used 41378K, capacity 42353K, committed 42624K, reserved 1085440K
  class space    used 5343K, capacity 5706K, committed 5760K, reserved 1048576K
}
Event: 11.876 GC heap after
{Heap after GC invocations=12 (full 0):
 garbage-first heap   total 113664K, used 27808K [0x0000000080000000, 0x0000000100000000)
  region size 1024K, 3 young (3072K), 3 survivors (3072K)
 Metaspace       used 41378K, capacity 42353K, committed 42624K, reserved 1085440K
  class space    used 5343K, capacity 5706K, committed 5760K, reserved 1048576K
}
Event: 12.943 GC heap before
{Heap before GC invocations=12 (full 0):
 garbage-first heap   total 113664K, used 71840K [0x0000000080000000, 0x0000000100000000)
  region size 1024K, 46 young (47104K), 3 survivors (3072K)
 Metaspace       used 45323K, capacity 46466K, committed 46720K, reserved 1089536K
  class space    used 5819K, capacity 6227K, committed 6272K, reserved 1048576K
}
Event: 12.952 GC heap after
{Heap after GC invocations=13 (full 0):
 garbage-first heap   total 113664K, used 29257K [0x0000000080000000, 0x0000000100000000)
  region size 1024K, 4 young (4096K), 4 survivors (4096K)
 Metaspace       used 45323K, capacity 46466K, committed 46720K, reserved 1089536K
  class space    used 5819K, capacity 6227K, committed 6272K, reserved 1048576K
}
Event: 15.406 GC heap before
{Heap before GC invocations=13 (full 0):
 garbage-first heap   total 113664K, used 83529K [0x0000000080000000, 0x0000000100000000)
  region size 1024K, 50 young (51200K), 4 survivors (4096K)
 Metaspace       used 47216K, capacity 48417K, committed 48512K, reserved 1091584K
  class space    used 6017K, capacity 6465K, committed 6528K, reserved 1048576K
}
Event: 15.423 GC heap after
{Heap after GC invocations=14 (full 0):
 garbage-first heap   total 113664K, used 45853K [0x0000000080000000, 0x0000000100000000)
  region size 1024K, 7 young (7168K), 7 survivors (7168K)
 Metaspace       used 47216K, capacity 48417K, committed 48512K, reserved 1091584K
  class space    used 6017K, capacity 6465K, committed 6528K, reserved 1048576K
}
Event: 16.545 GC heap before
{Heap before GC invocations=14 (full 0):
 garbage-first heap   total 113664K, used 80669K [0x0000000080000000, 0x0000000100000000)
  region size 1024K, 41 young (41984K), 7 survivors (7168K)
 Metaspace       used 51083K, capacity 52457K, committed 52608K, reserved 1095680K
  class space    used 6502K, capacity 7006K, committed 7040K, reserved 1048576K
}
Event: 16.563 GC heap after
{Heap after GC invocations=15 (full 0):
 garbage-first heap   total 137216K, used 48163K [0x0000000080000000, 0x0000000100000000)
  region size 1024K, 3 young (3072K), 3 survivors (3072K)
 Metaspace       used 51083K, capacity 52457K, committed 52608K, reserved 1095680K
  class space    used 6502K, capacity 7006K, committed 7040K, reserved 1048576K
}
Event: 18.099 GC heap before
{Heap before GC invocations=15 (full 0):
 garbage-first heap   total 137216K, used 92195K [0x0000000080000000, 0x0000000100000000)
  region size 1024K, 46 young (47104K), 3 survivors (3072K)
 Metaspace       used 57932K, capacity 59392K, committed 59648K, reserved 1101824K
  class space    used 7344K, capacity 7865K, committed 7936K, reserved 1048576K
}
Event: 18.108 GC heap after
{Heap after GC invocations=16 (full 0):
 garbage-first heap   total 137216K, used 49511K [0x0000000080000000, 0x0000000100000000)
  region size 1024K, 4 young (4096K), 4 survivors (4096K)
 Metaspace       used 57932K, capacity 59392K, committed 59648K, reserved 1101824K
  class space    used 7344K, capacity 7865K, committed 7936K, reserved 1048576K
}
Event: 18.232 GC heap before
{Heap before GC invocations=16 (full 0):
 garbage-first heap   total 137216K, used 53607K [0x0000000080000000, 0x0000000100000000)
  region size 1024K, 9 young (9216K), 4 survivors (4096K)
 Metaspace       used 58524K, capacity 60016K, committed 60160K, reserved 1101824K
  class space    used 7409K, capacity 7945K, committed 8064K, reserved 1048576K
}
Event: 18.243 GC heap after
{Heap after GC invocations=17 (full 0):
 garbage-first heap   total 137216K, used 50471K [0x0000000080000000, 0x0000000100000000)
  region size 1024K, 5 young (5120K), 5 survivors (5120K)
 Metaspace       used 58524K, capacity 60016K, committed 60160K, reserved 1101824K
  class space    used 7409K, capacity 7945K, committed 8064K, reserved 1048576K
}
Event: 19.476 GC heap before
{Heap before GC invocations=18 (full 0):
 garbage-first heap   total 137216K, used 90407K [0x0000000080000000, 0x0000000100000000)
  region size 1024K, 45 young (46080K), 5 survivors (5120K)
 Metaspace       used 62353K, capacity 63840K, committed 64128K, reserved 1105920K
  class space    used 7902K, capacity 8466K, committed 8576K, reserved 1048576K
}
Event: 19.493 GC heap after
{Heap after GC invocations=19 (full 0):
 garbage-first heap   total 137216K, used 53637K [0x0000000080000000, 0x0000000100000000)
  region size 1024K, 6 young (6144K), 6 survivors (6144K)
 Metaspace       used 62353K, capacity 63840K, committed 64128K, reserved 1105920K
  class space    used 7902K, capacity 8466K, committed 8576K, reserved 1048576K
}
Event: 21.432 GC heap before
{Heap before GC invocations=20 (full 0):
 garbage-first heap   total 137216K, used 96645K [0x0000000080000000, 0x0000000100000000)
  region size 1024K, 47 young (48128K), 6 survivors (6144K)
 Metaspace       used 65846K, capacity 67413K, committed 67584K, reserved 1107968K
  class space    used 8333K, capacity 8856K, committed 8960K, reserved 1048576K
}
Event: 21.446 GC heap after
{Heap after GC invocations=21 (full 0):
 garbage-first heap   total 137216K, used 56126K [0x0000000080000000, 0x0000000100000000)
  region size 1024K, 3 young (3072K), 3 survivors (3072K)
 Metaspace       used 65846K, capacity 67413K, committed 67584K, reserved 1107968K
  class space    used 8333K, capacity 8856K, committed 8960K, reserved 1048576K
}
Event: 23.273 GC heap before
{Heap before GC invocations=21 (full 0):
 garbage-first heap   total 137216K, used 90942K [0x0000000080000000, 0x0000000100000000)
  region size 1024K, 38 young (38912K), 3 survivors (3072K)
 Metaspace       used 67746K, capacity 69285K, committed 69376K, reserved 1116160K
  class space    used 8583K, capacity 9183K, committed 9216K, reserved 1048576K
}
Event: 23.284 GC heap after
{Heap after GC invocations=22 (full 0):
 garbage-first heap   total 137216K, used 59012K [0x0000000080000000, 0x0000000100000000)
  region size 1024K, 6 young (6144K), 6 survivors (6144K)
 Metaspace       used 67746K, capacity 69285K, committed 69376K, reserved 1116160K
  class space    used 8583K, capacity 9183K, committed 9216K, reserved 1048576K
}

