# JRE version: OpenJDK Runtime Environment (11.0.10) (build 11.0.10+0-b96-7249189)
# Java VM: OpenJDK 64-Bit Server VM (11.0.10+0-b96-7249189, mixed mode, tiered, compressed oops, g1 gc, windows-amd64)
Heap:
 garbage-first heap   total 137216K, used 79073K [0x0000000080000000, 0x0000000100000000)
  region size 1024K, 21 young (21504K), 6 survivors (6144K)
 Metaspace       used 76733K, capacity 78444K, committed 78720K, reserved 1122304K
  class space    used 9952K, capacity 10574K, committed 10624K, reserved 1048576K
GC Heap History (20 events):
Event: 9.474 GC heap before
{Heap before GC invocations=10 (full 0):
 garbage-first heap   total 94208K, used 66083K [0x0000000080000000, 0x0000000100000000)
  region size 1024K, 46 young (47104K), 6 survivors (6144K)
 Metaspace       used 38365K, capacity 39255K, committed 39296K, reserved 1083392K
  class space    used 4897K, capacity 5211K, committed 5248K, reserved 1048576K
}
Event: 9.491 GC heap after
{Heap after GC invocations=11 (full 0):
 garbage-first heap   total 113664K, used 27091K [0x0000000080000000, 0x0000000100000000)
  region size 1024K, 6 young (6144K), 6 survivors (6144K)
 Metaspace       used 38365K, capacity 39255K, committed 39296K, reserved 1083392K
  class space    used 4897K, capacity 5211K, committed 5248K, reserved 1048576K
}
Event: 10.908 GC heap before
{Heap before GC invocations=11 (full 0):
 garbage-first heap   total 113664K, used 76243K [0x0000000080000000, 0x0000000100000000)
  region size 1024K, 54 young (55296K), 6 survivors (6144K)
 Metaspace       used 42756K, capacity 43804K, committed 44032K, reserved 1087488K
  class space    used 5435K, capacity 5784K, committed 5888K, reserved 1048576K
}
Event: 10.924 GC heap after
{Heap after GC invocations=12 (full 0):
 garbage-first heap   total 113664K, used 29671K [0x0000000080000000, 0x0000000100000000)
  region size 1024K, 6 young (6144K), 6 survivors (6144K)
 Metaspace       used 42756K, capacity 43804K, committed 44032K, reserved 1087488K
  class space    used 5435K, capacity 5784K, committed 5888K, reserved 1048576K
}
Event: 12.286 GC heap before
{Heap before GC invocations=12 (full 0):
 garbage-first heap   total 113664K, used 78823K [0x0000000080000000, 0x0000000100000000)
  region size 1024K, 54 young (55296K), 6 survivors (6144K)
 Metaspace       used 46305K, capacity 47531K, committed 47616K, reserved 1091584K
  class space    used 5920K, capacity 6363K, committed 6400K, reserved 1048576K
}
Event: 12.301 GC heap after
{Heap after GC invocations=13 (full 0):
 garbage-first heap   total 113664K, used 32756K [0x0000000080000000, 0x0000000100000000)
  region size 1024K, 6 young (6144K), 6 survivors (6144K)
 Metaspace       used 46305K, capacity 47531K, committed 47616K, reserved 1091584K
  class space    used 5920K, capacity 6363K, committed 6400K, reserved 1048576K
}
Event: 13.670 GC heap before
{Heap before GC invocations=13 (full 0):
 garbage-first heap   total 113664K, used 90100K [0x0000000080000000, 0x0000000100000000)
  region size 1024K, 54 young (55296K), 6 survivors (6144K)
 Metaspace       used 48777K, capacity 50085K, committed 50304K, reserved 1093632K
  class space    used 6217K, capacity 6706K, committed 6784K, reserved 1048576K
}
Event: 13.686 GC heap after
{Heap after GC invocations=14 (full 0):
 garbage-first heap   total 113664K, used 48417K [0x0000000080000000, 0x0000000100000000)
  region size 1024K, 7 young (7168K), 7 survivors (7168K)
 Metaspace       used 48777K, capacity 50085K, committed 50304K, reserved 1093632K
  class space    used 6217K, capacity 6706K, committed 6784K, reserved 1048576K
}
Event: 14.705 GC heap before
{Heap before GC invocations=14 (full 0):
 garbage-first heap   total 113664K, used 84257K [0x0000000080000000, 0x0000000100000000)
  region size 1024K, 42 young (43008K), 7 survivors (7168K)
 Metaspace       used 53761K, capacity 55162K, committed 55296K, reserved 1097728K
  class space    used 6840K, capacity 7353K, committed 7424K, reserved 1048576K
}
Event: 14.716 GC heap after
{Heap after GC invocations=15 (full 0):
 garbage-first heap   total 137216K, used 50554K [0x0000000080000000, 0x0000000100000000)
  region size 1024K, 2 young (2048K), 2 survivors (2048K)
 Metaspace       used 53761K, capacity 55162K, committed 55296K, reserved 1097728K
  class space    used 6840K, capacity 7353K, committed 7424K, reserved 1048576K
}
Event: 15.783 GC heap before
{Heap before GC invocations=15 (full 0):
 garbage-first heap   total 137216K, used 80250K [0x0000000080000000, 0x0000000100000000)
  region size 1024K, 32 young (32768K), 2 survivors (2048K)
 Metaspace       used 58609K, capacity 60103K, committed 60160K, reserved 1101824K
  class space    used 7428K, capacity 8016K, committed 8064K, reserved 1048576K
}
Event: 15.794 GC heap after
{Heap after GC invocations=16 (full 0):
 garbage-first heap   total 137216K, used 52115K [0x0000000080000000, 0x0000000100000000)
  region size 1024K, 4 young (4096K), 4 survivors (4096K)
 Metaspace       used 58609K, capacity 60103K, committed 60160K, reserved 1101824K
  class space    used 7428K, capacity 8016K, committed 8064K, reserved 1048576K
}
Event: 17.360 GC heap before
{Heap before GC invocations=17 (full 0):
 garbage-first heap   total 137216K, used 97171K [0x0000000080000000, 0x0000000100000000)
  region size 1024K, 48 young (49152K), 4 survivors (4096K)
 Metaspace       used 62791K, capacity 64257K, committed 64384K, reserved 1105920K
  class space    used 7951K, capacity 8536K, committed 8576K, reserved 1048576K
}
Event: 17.378 GC heap after
{Heap after GC invocations=18 (full 0):
 garbage-first heap   total 137216K, used 56168K [0x0000000080000000, 0x0000000100000000)
  region size 1024K, 6 young (6144K), 6 survivors (6144K)
 Metaspace       used 62791K, capacity 64257K, committed 64384K, reserved 1105920K
  class space    used 7951K, capacity 8536K, committed 8576K, reserved 1048576K
}
Event: 18.602 GC heap before
{Heap before GC invocations=19 (full 0):
 garbage-first heap   total 137216K, used 101224K [0x0000000080000000, 0x0000000100000000)
  region size 1024K, 50 young (51200K), 6 survivors (6144K)
 Metaspace       used 65863K, capacity 67417K, committed 67584K, reserved 1107968K
  class space    used 8352K, capacity 8922K, committed 8960K, reserved 1048576K
}
Event: 18.619 GC heap after
{Heap after GC invocations=20 (full 0):
 garbage-first heap   total 137216K, used 58977K [0x0000000080000000, 0x0000000100000000)
  region size 1024K, 4 young (4096K), 4 survivors (4096K)
 Metaspace       used 65863K, capacity 67417K, committed 67584K, reserved 1107968K
  class space    used 8352K, capacity 8922K, committed 8960K, reserved 1048576K
}
Event: 19.787 GC heap before
{Heap before GC invocations=20 (full 0):
 garbage-first heap   total 137216K, used 103009K [0x0000000080000000, 0x0000000100000000)
  region size 1024K, 47 young (48128K), 4 survivors (4096K)
 Metaspace       used 70063K, capacity 71595K, committed 71936K, reserved 1112064K
  class space    used 9029K, capacity 9610K, committed 9728K, reserved 1048576K
}
Event: 19.808 GC heap after
{Heap after GC invocations=21 (full 0):
 garbage-first heap   total 137216K, used 62415K [0x0000000080000000, 0x0000000100000000)
  region size 1024K, 4 young (4096K), 4 survivors (4096K)
 Metaspace       used 70063K, capacity 71595K, committed 71936K, reserved 1112064K
  class space    used 9029K, capacity 9610K, committed 9728K, reserved 1048576K
}
Event: 21.764 GC heap before
{Heap before GC invocations=21 (full 0):
 garbage-first heap   total 137216K, used 106447K [0x0000000080000000, 0x0000000100000000)
  region size 1024K, 47 young (48128K), 4 survivors (4096K)
 Metaspace       used 74400K, capacity 76139K, committed 76416K, reserved 1116160K
  class space    used 9639K, capacity 10263K, committed 10368K, reserved 1048576K
}
Event: 21.776 GC heap after
{Heap after GC invocations=22 (full 0):
 garbage-first heap   total 137216K, used 64737K [0x0000000080000000, 0x0000000100000000)
  region size 1024K, 6 young (6144K), 6 survivors (6144K)
 Metaspace       used 74400K, capacity 76139K, committed 76416K, reserved 1116160K
  class space    used 9639K, capacity 10263K, committed 10368K, reserved 1048576K
}

