# JRE version: OpenJDK Runtime Environment (11.0.10) (build 11.0.10+0-b96-7249189)
# Java VM: OpenJDK 64-Bit Server VM (11.0.10+0-b96-7249189, mixed mode, tiered, compressed oops, g1 gc, windows-amd64)
Heap:
 garbage-first heap   total 137216K, used 85691K [0x0000000080000000, 0x0000000100000000)
  region size 1024K, 31 young (31744K), 5 survivors (5120K)
 Metaspace       used 68927K, capacity 70447K, committed 70604K, reserved 1110016K
  class space    used 8800K, capacity 9396K, committed 9420K, reserved 1048576K
GC Heap History (20 events):
Event: 6.537 GC heap before
{Heap before GC invocations=6 (full 0):
 garbage-first heap   total 113664K, used 61601K [0x0000000080000000, 0x0000000100000000)
  region size 1024K, 45 young (46080K), 2 survivors (2048K)
 Metaspace       used 25134K, capacity 25741K, committed 25984K, reserved 1071104K
  class space    used 3253K, capacity 3455K, committed 3456K, reserved 1048576K
}
Event: 6.544 GC heap after
{Heap after GC invocations=7 (full 0):
 garbage-first heap   total 113664K, used 19098K [0x0000000080000000, 0x0000000100000000)
  region size 1024K, 3 young (3072K), 3 survivors (3072K)
 Metaspace       used 25134K, capacity 25741K, committed 25984K, reserved 1071104K
  class space    used 3253K, capacity 3455K, committed 3456K, reserved 1048576K
}
Event: 9.526 GC heap before
{Heap before GC invocations=7 (full 0):
 garbage-first heap   total 113664K, used 75418K [0x0000000080000000, 0x0000000100000000)
  region size 1024K, 58 young (59392K), 3 survivors (3072K)
 Metaspace       used 31540K, capacity 32300K, committed 32384K, reserved 1077248K
  class space    used 4179K, capacity 4409K, committed 4480K, reserved 1048576K
}
Event: 9.536 GC heap after
{Heap after GC invocations=8 (full 0):
 garbage-first heap   total 113664K, used 21465K [0x0000000080000000, 0x0000000100000000)
  region size 1024K, 6 young (6144K), 6 survivors (6144K)
 Metaspace       used 31540K, capacity 32300K, committed 32384K, reserved 1077248K
  class space    used 4179K, capacity 4409K, committed 4480K, reserved 1048576K
}
Event: 9.920 GC heap before
{Heap before GC invocations=8 (full 0):
 garbage-first heap   total 113664K, used 29657K [0x0000000080000000, 0x0000000100000000)
  region size 1024K, 16 young (16384K), 6 survivors (6144K)
 Metaspace       used 35067K, capacity 35830K, committed 35840K, reserved 1081344K
  class space    used 4539K, capacity 4864K, committed 4864K, reserved 1048576K
}
Event: 9.935 GC heap after
{Heap after GC invocations=9 (full 0):
 garbage-first heap   total 113664K, used 22861K [0x0000000080000000, 0x0000000100000000)
  region size 1024K, 6 young (6144K), 6 survivors (6144K)
 Metaspace       used 35067K, capacity 35830K, committed 35840K, reserved 1081344K
  class space    used 4539K, capacity 4864K, committed 4864K, reserved 1048576K
}
Event: 11.240 GC heap before
{Heap before GC invocations=10 (full 0):
 garbage-first heap   total 113664K, used 83277K [0x0000000080000000, 0x0000000100000000)
  region size 1024K, 63 young (64512K), 6 survivors (6144K)
 Metaspace       used 39220K, capacity 40129K, committed 40268K, reserved 1083392K
  class space    used 5001K, capacity 5353K, committed 5452K, reserved 1048576K
}
Event: 11.261 GC heap after
{Heap after GC invocations=11 (full 0):
 garbage-first heap   total 113664K, used 28115K [0x0000000080000000, 0x0000000100000000)
  region size 1024K, 8 young (8192K), 8 survivors (8192K)
 Metaspace       used 39220K, capacity 40129K, committed 40268K, reserved 1083392K
  class space    used 5001K, capacity 5353K, committed 5452K, reserved 1048576K
}
Event: 12.594 GC heap before
{Heap before GC invocations=11 (full 0):
 garbage-first heap   total 113664K, used 85459K [0x0000000080000000, 0x0000000100000000)
  region size 1024K, 64 young (65536K), 8 survivors (8192K)
 Metaspace       used 44418K, capacity 45500K, committed 45772K, reserved 1089536K
  class space    used 5692K, capacity 6074K, committed 6092K, reserved 1048576K
}
Event: 12.614 GC heap after
{Heap after GC invocations=12 (full 0):
 garbage-first heap   total 113664K, used 30518K [0x0000000080000000, 0x0000000100000000)
  region size 1024K, 3 young (3072K), 3 survivors (3072K)
 Metaspace       used 44418K, capacity 45500K, committed 45772K, reserved 1089536K
  class space    used 5692K, capacity 6074K, committed 6092K, reserved 1048576K
}
Event: 15.457 GC heap before
{Heap before GC invocations=12 (full 0):
 garbage-first heap   total 113664K, used 94006K [0x0000000080000000, 0x0000000100000000)
  region size 1024K, 58 young (59392K), 3 survivors (3072K)
 Metaspace       used 47221K, capacity 48418K, committed 48460K, reserved 1091584K
  class space    used 6015K, capacity 6462K, committed 6476K, reserved 1048576K
}
Event: 15.475 GC heap after
{Heap after GC invocations=13 (full 0):
 garbage-first heap   total 137216K, used 46975K [0x0000000080000000, 0x0000000100000000)
  region size 1024K, 8 young (8192K), 8 survivors (8192K)
 Metaspace       used 47221K, capacity 48418K, committed 48460K, reserved 1091584K
  class space    used 6015K, capacity 6462K, committed 6476K, reserved 1048576K
}
Event: 17.185 GC heap before
{Heap before GC invocations=13 (full 0):
 garbage-first heap   total 137216K, used 105343K [0x0000000080000000, 0x0000000100000000)
  region size 1024K, 65 young (66560K), 8 survivors (8192K)
 Metaspace       used 54451K, capacity 55841K, committed 56140K, reserved 1097728K
  class space    used 6901K, capacity 7407K, committed 7500K, reserved 1048576K
}
Event: 17.202 GC heap after
{Heap after GC invocations=14 (full 0):
 garbage-first heap   total 137216K, used 50605K [0x0000000080000000, 0x0000000100000000)
  region size 1024K, 4 young (4096K), 4 survivors (4096K)
 Metaspace       used 54451K, capacity 55841K, committed 56140K, reserved 1097728K
  class space    used 6901K, capacity 7407K, committed 7500K, reserved 1048576K
}
Event: 18.358 GC heap before
{Heap before GC invocations=14 (full 0):
 garbage-first heap   total 137216K, used 76205K [0x0000000080000000, 0x0000000100000000)
  region size 1024K, 30 young (30720K), 4 survivors (4096K)
 Metaspace       used 58722K, capacity 60173K, committed 60236K, reserved 1101824K
  class space    used 7430K, capacity 7974K, committed 8012K, reserved 1048576K
}
Event: 18.370 GC heap after
{Heap after GC invocations=15 (full 0):
 garbage-first heap   total 137216K, used 51826K [0x0000000080000000, 0x0000000100000000)
  region size 1024K, 5 young (5120K), 5 survivors (5120K)
 Metaspace       used 58722K, capacity 60173K, committed 60236K, reserved 1101824K
  class space    used 7430K, capacity 7974K, committed 8012K, reserved 1048576K
}
Event: 20.171 GC heap before
{Heap before GC invocations=16 (full 0):
 garbage-first heap   total 137216K, used 108146K [0x0000000080000000, 0x0000000100000000)
  region size 1024K, 60 young (61440K), 5 survivors (5120K)
 Metaspace       used 63899K, capacity 65410K, committed 65484K, reserved 1105920K
  class space    used 8082K, capacity 8619K, committed 8652K, reserved 1048576K
}
Event: 20.197 GC heap after
{Heap after GC invocations=17 (full 0):
 garbage-first heap   total 137216K, used 56060K [0x0000000080000000, 0x0000000100000000)
  region size 1024K, 6 young (6144K), 6 survivors (6144K)
 Metaspace       used 63899K, capacity 65410K, committed 65484K, reserved 1105920K
  class space    used 8082K, capacity 8619K, committed 8652K, reserved 1048576K
}
Event: 21.511 GC heap before
{Heap before GC invocations=18 (full 0):
 garbage-first heap   total 137216K, used 109308K [0x0000000080000000, 0x0000000100000000)
  region size 1024K, 58 young (59392K), 6 survivors (6144K)
 Metaspace       used 66078K, capacity 67636K, committed 67916K, reserved 1107968K
  class space    used 8372K, capacity 8970K, committed 9036K, reserved 1048576K
}
Event: 21.528 GC heap after
{Heap after GC invocations=19 (full 0):
 garbage-first heap   total 137216K, used 60091K [0x0000000080000000, 0x0000000100000000)
  region size 1024K, 5 young (5120K), 5 survivors (5120K)
 Metaspace       used 66078K, capacity 67636K, committed 67916K, reserved 1107968K
  class space    used 8372K, capacity 8970K, committed 9036K, reserved 1048576K
}

