# JRE version: OpenJDK Runtime Environment (11.0.10) (build 11.0.10+0-b96-7249189)
# Java VM: OpenJDK 64-Bit Server VM (11.0.10+0-b96-7249189, mixed mode, tiered, compressed oops, g1 gc, windows-amd64)
Heap:
 garbage-first heap   total 113664K, used 44971K [0x0000000080000000, 0x0000000100000000)
  region size 1024K, 29 young (29696K), 6 survivors (6144K)
 Metaspace       used 36279K, capacity 37074K, committed 37324K, reserved 1081344K
  class space    used 4674K, capacity 4955K, committed 5068K, reserved 1048576K
GC Heap History (16 events):
Event: 1.542 GC heap before
{Heap before GC invocations=0 (full 0):
 garbage-first heap   total 94208K, used 17408K [0x0000000080000000, 0x0000000100000000)
  region size 1024K, 14 young (14336K), 0 survivors (0K)
 Metaspace       used 6770K, capacity 6993K, committed 7168K, reserved 1056768K
  class space    used 584K, capacity 650K, committed 768K, reserved 1048576K
}
Event: 1.557 GC heap after
{Heap after GC invocations=1 (full 0):
 garbage-first heap   total 94208K, used 4809K [0x0000000080000000, 0x0000000100000000)
  region size 1024K, 2 young (2048K), 2 survivors (2048K)
 Metaspace       used 6770K, capacity 6993K, committed 7168K, reserved 1056768K
  class space    used 584K, capacity 650K, committed 768K, reserved 1048576K
}
Event: 2.068 GC heap before
{Heap before GC invocations=1 (full 0):
 garbage-first heap   total 94208K, used 19145K [0x0000000080000000, 0x0000000100000000)
  region size 1024K, 13 young (13312K), 2 survivors (2048K)
 Metaspace       used 10290K, capacity 10495K, committed 10624K, reserved 1058816K
  class space    used 1066K, capacity 1141K, committed 1152K, reserved 1048576K
}
Event: 2.075 GC heap after
{Heap after GC invocations=2 (full 0):
 garbage-first heap   total 94208K, used 9765K [0x0000000080000000, 0x0000000100000000)
  region size 1024K, 2 young (2048K), 2 survivors (2048K)
 Metaspace       used 10290K, capacity 10495K, committed 10624K, reserved 1058816K
  class space    used 1066K, capacity 1141K, committed 1152K, reserved 1048576K
}
Event: 2.916 GC heap before
{Heap before GC invocations=2 (full 0):
 garbage-first heap   total 94208K, used 36389K [0x0000000080000000, 0x0000000100000000)
  region size 1024K, 28 young (28672K), 2 survivors (2048K)
 Metaspace       used 11227K, capacity 11512K, committed 11776K, reserved 1060864K
  class space    used 1168K, capacity 1245K, committed 1280K, reserved 1048576K
}
Event: 2.922 GC heap after
{Heap after GC invocations=3 (full 0):
 garbage-first heap   total 94208K, used 10610K [0x0000000080000000, 0x0000000100000000)
  region size 1024K, 3 young (3072K), 3 survivors (3072K)
 Metaspace       used 11227K, capacity 11512K, committed 11776K, reserved 1060864K
  class space    used 1168K, capacity 1245K, committed 1280K, reserved 1048576K
}
Event: 4.956 GC heap before
{Heap before GC invocations=3 (full 0):
 garbage-first heap   total 94208K, used 46450K [0x0000000080000000, 0x0000000100000000)
  region size 1024K, 38 young (38912K), 3 survivors (3072K)
 Metaspace       used 16321K, capacity 16778K, committed 16896K, reserved 1064960K
  class space    used 1866K, capacity 2002K, committed 2048K, reserved 1048576K
}
Event: 4.983 GC heap after
{Heap after GC invocations=4 (full 0):
 garbage-first heap   total 94208K, used 15568K [0x0000000080000000, 0x0000000100000000)
  region size 1024K, 5 young (5120K), 5 survivors (5120K)
 Metaspace       used 16321K, capacity 16778K, committed 16896K, reserved 1064960K
  class space    used 1866K, capacity 2002K, committed 2048K, reserved 1048576K
}
Event: 5.684 GC heap before
{Heap before GC invocations=4 (full 0):
 garbage-first heap   total 94208K, used 49360K [0x0000000080000000, 0x0000000100000000)
  region size 1024K, 39 young (39936K), 5 survivors (5120K)
 Metaspace       used 20580K, capacity 21096K, committed 21248K, reserved 1067008K
  class space    used 2506K, capacity 2690K, committed 2816K, reserved 1048576K
}
Event: 5.693 GC heap after
{Heap after GC invocations=5 (full 0):
 garbage-first heap   total 94208K, used 17068K [0x0000000080000000, 0x0000000100000000)
  region size 1024K, 2 young (2048K), 2 survivors (2048K)
 Metaspace       used 20580K, capacity 21096K, committed 21248K, reserved 1067008K
  class space    used 2506K, capacity 2690K, committed 2816K, reserved 1048576K
}
Event: 6.761 GC heap before
{Heap before GC invocations=6 (full 0):
 garbage-first heap   total 94208K, used 58028K [0x0000000080000000, 0x0000000100000000)
  region size 1024K, 42 young (43008K), 2 survivors (2048K)
 Metaspace       used 24635K, capacity 25284K, committed 25472K, reserved 1071104K
  class space    used 3182K, capacity 3388K, committed 3456K, reserved 1048576K
}
Event: 6.770 GC heap after
{Heap after GC invocations=7 (full 0):
 garbage-first heap   total 94208K, used 18413K [0x0000000080000000, 0x0000000100000000)
  region size 1024K, 3 young (3072K), 3 survivors (3072K)
 Metaspace       used 24635K, capacity 25284K, committed 25472K, reserved 1071104K
  class space    used 3182K, capacity 3388K, committed 3456K, reserved 1048576K
}
Event: 8.030 GC heap before
{Heap before GC invocations=7 (full 0):
 garbage-first heap   total 94208K, used 63469K [0x0000000080000000, 0x0000000100000000)
  region size 1024K, 47 young (48128K), 3 survivors (3072K)
 Metaspace       used 28933K, capacity 29606K, committed 29824K, reserved 1075200K
  class space    used 3874K, capacity 4106K, committed 4224K, reserved 1048576K
}
Event: 8.042 GC heap after
{Heap after GC invocations=8 (full 0):
 garbage-first heap   total 94208K, used 19787K [0x0000000080000000, 0x0000000100000000)
  region size 1024K, 4 young (4096K), 4 survivors (4096K)
 Metaspace       used 28933K, capacity 29606K, committed 29824K, reserved 1075200K
  class space    used 3874K, capacity 4106K, committed 4224K, reserved 1048576K
}
Event: 8.984 GC heap before
{Heap before GC invocations=8 (full 0):
 garbage-first heap   total 94208K, used 43339K [0x0000000080000000, 0x0000000100000000)
  region size 1024K, 29 young (29696K), 4 survivors (4096K)
 Metaspace       used 35055K, capacity 35830K, committed 35840K, reserved 1081344K
  class space    used 4544K, capacity 4864K, committed 4864K, reserved 1048576K
}
Event: 9.002 GC heap after
{Heap after GC invocations=9 (full 0):
 garbage-first heap   total 113664K, used 22443K [0x0000000080000000, 0x0000000100000000)
  region size 1024K, 6 young (6144K), 6 survivors (6144K)
 Metaspace       used 35055K, capacity 35830K, committed 35840K, reserved 1081344K
  class space    used 4544K, capacity 4864K, committed 4864K, reserved 1048576K
}

