# JRE version: OpenJDK Runtime Environment (11.0.10) (build 11.0.10+0-b96-7249189)
# Java VM: OpenJDK 64-Bit Server VM (11.0.10+0-b96-7249189, mixed mode, tiered, compressed oops, g1 gc, windows-amd64)
Heap:
 garbage-first heap   total 137216K, used 73703K [0x0000000080000000, 0x0000000100000000)
  region size 1024K, 36 young (36864K), 9 survivors (9216K)
 Metaspace       used 53937K, capacity 55288K, committed 55552K, reserved 1097728K
  class space    used 6850K, capacity 7353K, committed 7424K, reserved 1048576K
GC Heap History (20 events):
Event: 2.319 GC heap before
{Heap before GC invocations=2 (full 0):
 garbage-first heap   total 94208K, used 37598K [0x0000000080000000, 0x0000000100000000)
  region size 1024K, 29 young (29696K), 2 survivors (2048K)
 Metaspace       used 11206K, capacity 11508K, committed 11776K, reserved 1060864K
  class space    used 1167K, capacity 1245K, committed 1280K, reserved 1048576K
}
Event: 2.326 GC heap after
{Heap after GC invocations=3 (full 0):
 garbage-first heap   total 94208K, used 12575K [0x0000000080000000, 0x0000000100000000)
  region size 1024K, 4 young (4096K), 4 survivors (4096K)
 Metaspace       used 11206K, capacity 11508K, committed 11776K, reserved 1060864K
  class space    used 1167K, capacity 1245K, committed 1280K, reserved 1048576K
}
Event: 5.112 GC heap before
{Heap before GC invocations=3 (full 0):
 garbage-first heap   total 94208K, used 47391K [0x0000000080000000, 0x0000000100000000)
  region size 1024K, 39 young (39936K), 4 survivors (4096K)
 Metaspace       used 16894K, capacity 17394K, committed 17536K, reserved 1064960K
  class space    used 1940K, capacity 2087K, committed 2176K, reserved 1048576K
}
Event: 5.133 GC heap after
{Heap after GC invocations=4 (full 0):
 garbage-first heap   total 94208K, used 16124K [0x0000000080000000, 0x0000000100000000)
  region size 1024K, 5 young (5120K), 5 survivors (5120K)
 Metaspace       used 16894K, capacity 17394K, committed 17536K, reserved 1064960K
  class space    used 1940K, capacity 2087K, committed 2176K, reserved 1048576K
}
Event: 5.854 GC heap before
{Heap before GC invocations=4 (full 0):
 garbage-first heap   total 94208K, used 46844K [0x0000000080000000, 0x0000000100000000)
  region size 1024K, 36 young (36864K), 5 survivors (5120K)
 Metaspace       used 20591K, capacity 21092K, committed 21248K, reserved 1067008K
  class space    used 2506K, capacity 2690K, committed 2816K, reserved 1048576K
}
Event: 5.868 GC heap after
{Heap after GC invocations=5 (full 0):
 garbage-first heap   total 113664K, used 17524K [0x0000000080000000, 0x0000000100000000)
  region size 1024K, 2 young (2048K), 2 survivors (2048K)
 Metaspace       used 20591K, capacity 21092K, committed 21248K, reserved 1067008K
  class space    used 2506K, capacity 2690K, committed 2816K, reserved 1048576K
}
Event: 7.442 GC heap before
{Heap before GC invocations=6 (full 0):
 garbage-first heap   total 113664K, used 60532K [0x0000000080000000, 0x0000000100000000)
  region size 1024K, 44 young (45056K), 2 survivors (2048K)
 Metaspace       used 24905K, capacity 25507K, committed 25728K, reserved 1071104K
  class space    used 3219K, capacity 3421K, committed 3456K, reserved 1048576K
}
Event: 7.448 GC heap after
{Heap after GC invocations=7 (full 0):
 garbage-first heap   total 113664K, used 18893K [0x0000000080000000, 0x0000000100000000)
  region size 1024K, 3 young (3072K), 3 survivors (3072K)
 Metaspace       used 24905K, capacity 25507K, committed 25728K, reserved 1071104K
  class space    used 3219K, capacity 3421K, committed 3456K, reserved 1048576K
}
Event: 8.901 GC heap before
{Heap before GC invocations=7 (full 0):
 garbage-first heap   total 113664K, used 76237K [0x0000000080000000, 0x0000000100000000)
  region size 1024K, 59 young (60416K), 3 survivors (3072K)
 Metaspace       used 31438K, capacity 32168K, committed 32384K, reserved 1077248K
  class space    used 4171K, capacity 4409K, committed 4480K, reserved 1048576K
}
Event: 8.910 GC heap after
{Heap after GC invocations=8 (full 0):
 garbage-first heap   total 113664K, used 21254K [0x0000000080000000, 0x0000000100000000)
  region size 1024K, 5 young (5120K), 5 survivors (5120K)
 Metaspace       used 31438K, capacity 32168K, committed 32384K, reserved 1077248K
  class space    used 4171K, capacity 4409K, committed 4480K, reserved 1048576K
}
Event: 9.315 GC heap before
{Heap before GC invocations=8 (full 0):
 garbage-first heap   total 113664K, used 31494K [0x0000000080000000, 0x0000000100000000)
  region size 1024K, 16 young (16384K), 5 survivors (5120K)
 Metaspace       used 35057K, capacity 35826K, committed 35840K, reserved 1081344K
  class space    used 4541K, capacity 4864K, committed 4864K, reserved 1048576K
}
Event: 9.333 GC heap after
{Heap after GC invocations=9 (full 0):
 garbage-first heap   total 113664K, used 22927K [0x0000000080000000, 0x0000000100000000)
  region size 1024K, 6 young (6144K), 6 survivors (6144K)
 Metaspace       used 35057K, capacity 35826K, committed 35840K, reserved 1081344K
  class space    used 4541K, capacity 4864K, committed 4864K, reserved 1048576K
}
Event: 10.363 GC heap before
{Heap before GC invocations=10 (full 0):
 garbage-first heap   total 113664K, used 69007K [0x0000000080000000, 0x0000000100000000)
  region size 1024K, 49 young (50176K), 6 survivors (6144K)
 Metaspace       used 38415K, capacity 39315K, committed 39552K, reserved 1083392K
  class space    used 4900K, capacity 5211K, committed 5248K, reserved 1048576K
}
Event: 10.383 GC heap after
{Heap after GC invocations=11 (full 0):
 garbage-first heap   total 113664K, used 26752K [0x0000000080000000, 0x0000000100000000)
  region size 1024K, 6 young (6144K), 6 survivors (6144K)
 Metaspace       used 38415K, capacity 39315K, committed 39552K, reserved 1083392K
  class space    used 4900K, capacity 5211K, committed 5248K, reserved 1048576K
}
Event: 11.281 GC heap before
{Heap before GC invocations=11 (full 0):
 garbage-first heap   total 113664K, used 71808K [0x0000000080000000, 0x0000000100000000)
  region size 1024K, 50 young (51200K), 6 survivors (6144K)
 Metaspace       used 42492K, capacity 43512K, committed 43648K, reserved 1087488K
  class space    used 5393K, capacity 5752K, committed 5760K, reserved 1048576K
}
Event: 11.296 GC heap after
{Heap after GC invocations=12 (full 0):
 garbage-first heap   total 113664K, used 28320K [0x0000000080000000, 0x0000000100000000)
  region size 1024K, 3 young (3072K), 3 survivors (3072K)
 Metaspace       used 42492K, capacity 43512K, committed 43648K, reserved 1087488K
  class space    used 5393K, capacity 5752K, committed 5760K, reserved 1048576K
}
Event: 13.491 GC heap before
{Heap before GC invocations=12 (full 0):
 garbage-first heap   total 113664K, used 75424K [0x0000000080000000, 0x0000000100000000)
  region size 1024K, 49 young (50176K), 3 survivors (3072K)
 Metaspace       used 45974K, capacity 47140K, committed 47360K, reserved 1089536K
  class space    used 5880K, capacity 6300K, committed 6400K, reserved 1048576K
}
Event: 13.502 GC heap after
{Heap after GC invocations=13 (full 0):
 garbage-first heap   total 137216K, used 30526K [0x0000000080000000, 0x0000000100000000)
  region size 1024K, 5 young (5120K), 5 survivors (5120K)
 Metaspace       used 45974K, capacity 47140K, committed 47360K, reserved 1089536K
  class space    used 5880K, capacity 6300K, committed 6400K, reserved 1048576K
}
Event: 16.015 GC heap before
{Heap before GC invocations=13 (full 0):
 garbage-first heap   total 137216K, used 100158K [0x0000000080000000, 0x0000000100000000)
  region size 1024K, 66 young (67584K), 5 survivors (5120K)
 Metaspace       used 50004K, capacity 51321K, committed 51456K, reserved 1093632K
  class space    used 6365K, capacity 6843K, committed 6912K, reserved 1048576K
}
Event: 16.031 GC heap after
{Heap after GC invocations=14 (full 0):
 garbage-first heap   total 137216K, used 47079K [0x0000000080000000, 0x0000000100000000)
  region size 1024K, 9 young (9216K), 9 survivors (9216K)
 Metaspace       used 50004K, capacity 51321K, committed 51456K, reserved 1093632K
  class space    used 6365K, capacity 6843K, committed 6912K, reserved 1048576K
}

