# JRE version: OpenJDK Runtime Environment (11.0.10) (build 11.0.10+0-b96-7249189)
# Java VM: OpenJDK 64-Bit Server VM (11.0.10+0-b96-7249189, mixed mode, tiered, compressed oops, g1 gc, windows-amd64)
Heap:
 garbage-first heap   total 238592K, used 144545K [0x0000000080000000, 0x0000000100000000)
  region size 1024K, 8 young (8192K), 2 survivors (2048K)
 Metaspace       used 146057K, capacity 149175K, committed 149324K, reserved 1179648K
  class space    used 18472K, capacity 19565K, committed 19584K, reserved 1048576K
GC Heap History (20 events):
Event: 6567.390 GC heap before
{Heap before GC invocations=94 (full 0):
 garbage-first heap   total 238592K, used 133641K [0x0000000080000000, 0x0000000100000000)
  region size 1024K, 11 young (11264K), 8 survivors (8192K)
 Metaspace       used 144456K, capacity 147646K, committed 147788K, reserved 1177600K
  class space    used 18341K, capacity 19460K, committed 19584K, reserved 1048576K
}
Event: 6567.408 GC heap after
{Heap after GC invocations=95 (full 0):
 garbage-first heap   total 238592K, used 131334K [0x0000000080000000, 0x0000000100000000)
  region size 1024K, 2 young (2048K), 2 survivors (2048K)
 Metaspace       used 144456K, capacity 147646K, committed 147788K, reserved 1177600K
  class space    used 18341K, capacity 19460K, committed 19584K, reserved 1048576K
}
Event: 6571.083 GC heap before
{Heap before GC invocations=95 (full 0):
 garbage-first heap   total 238592K, used 200966K [0x0000000080000000, 0x0000000100000000)
  region size 1024K, 72 young (73728K), 2 survivors (2048K)
 Metaspace       used 145225K, capacity 148464K, committed 148556K, reserved 1177600K
  class space    used 18408K, capacity 19551K, committed 19584K, reserved 1048576K
}
Event: 6571.095 GC heap after
{Heap after GC invocations=96 (full 0):
 garbage-first heap   total 238592K, used 132477K [0x0000000080000000, 0x0000000100000000)
  region size 1024K, 3 young (3072K), 3 survivors (3072K)
 Metaspace       used 145225K, capacity 148464K, committed 148556K, reserved 1177600K
  class space    used 18408K, capacity 19551K, committed 19584K, reserved 1048576K
}
Event: 6574.986 GC heap before
{Heap before GC invocations=97 (full 0):
 garbage-first heap   total 238592K, used 209277K [0x0000000080000000, 0x0000000100000000)
  region size 1024K, 72 young (73728K), 3 survivors (3072K)
 Metaspace       used 145455K, capacity 148649K, committed 148812K, reserved 1179648K
  class space    used 18414K, capacity 19539K, committed 19584K, reserved 1048576K
}
Event: 6574.997 GC heap after
{Heap after GC invocations=98 (full 0):
 garbage-first heap   total 238592K, used 137025K [0x0000000080000000, 0x0000000100000000)
  region size 1024K, 6 young (6144K), 6 survivors (6144K)
 Metaspace       used 145455K, capacity 148649K, committed 148812K, reserved 1179648K
  class space    used 18414K, capacity 19539K, committed 19584K, reserved 1048576K
}
Event: 6575.036 GC heap before
{Heap before GC invocations=98 (full 0):
 garbage-first heap   total 238592K, used 141121K [0x0000000080000000, 0x0000000100000000)
  region size 1024K, 11 young (11264K), 6 survivors (6144K)
 Metaspace       used 145457K, capacity 148649K, committed 148812K, reserved 1179648K
  class space    used 18414K, capacity 19539K, committed 19584K, reserved 1048576K
}
Event: 6575.046 GC heap after
{Heap after GC invocations=99 (full 0):
 garbage-first heap   total 238592K, used 137845K [0x0000000080000000, 0x0000000100000000)
  region size 1024K, 2 young (2048K), 2 survivors (2048K)
 Metaspace       used 145457K, capacity 148649K, committed 148812K, reserved 1179648K
  class space    used 18414K, capacity 19539K, committed 19584K, reserved 1048576K
}
Event: 6575.624 GC heap before
{Heap before GC invocations=99 (full 0):
 garbage-first heap   total 238592K, used 202357K [0x0000000080000000, 0x0000000100000000)
  region size 1024K, 65 young (66560K), 2 survivors (2048K)
 Metaspace       used 145473K, capacity 148649K, committed 148812K, reserved 1179648K
  class space    used 18414K, capacity 19539K, committed 19584K, reserved 1048576K
}
Event: 6575.630 GC heap after
{Heap after GC invocations=100 (full 0):
 garbage-first heap   total 238592K, used 137934K [0x0000000080000000, 0x0000000100000000)
  region size 1024K, 2 young (2048K), 2 survivors (2048K)
 Metaspace       used 145473K, capacity 148649K, committed 148812K, reserved 1179648K
  class space    used 18414K, capacity 19539K, committed 19584K, reserved 1048576K
}
Event: 6576.376 GC heap before
{Heap before GC invocations=101 (full 0):
 garbage-first heap   total 238592K, used 203470K [0x0000000080000000, 0x0000000100000000)
  region size 1024K, 66 young (67584K), 2 survivors (2048K)
 Metaspace       used 145505K, capacity 148685K, committed 148812K, reserved 1179648K
  class space    used 18409K, capacity 19530K, committed 19584K, reserved 1048576K
}
Event: 6576.381 GC heap after
{Heap after GC invocations=102 (full 0):
 garbage-first heap   total 238592K, used 137876K [0x0000000080000000, 0x0000000100000000)
  region size 1024K, 2 young (2048K), 2 survivors (2048K)
 Metaspace       used 145505K, capacity 148685K, committed 148812K, reserved 1179648K
  class space    used 18409K, capacity 19530K, committed 19584K, reserved 1048576K
}
Event: 6576.729 GC heap before
{Heap before GC invocations=102 (full 0):
 garbage-first heap   total 238592K, used 176788K [0x0000000080000000, 0x0000000100000000)
  region size 1024K, 41 young (41984K), 2 survivors (2048K)
 Metaspace       used 145507K, capacity 148685K, committed 148812K, reserved 1179648K
  class space    used 18409K, capacity 19530K, committed 19584K, reserved 1048576K
}
Event: 6576.738 GC heap after
{Heap after GC invocations=103 (full 0):
 garbage-first heap   total 238592K, used 141236K [0x0000000080000000, 0x0000000100000000)
  region size 1024K, 5 young (5120K), 5 survivors (5120K)
 Metaspace       used 145507K, capacity 148685K, committed 148812K, reserved 1179648K
  class space    used 18409K, capacity 19530K, committed 19584K, reserved 1048576K
}
Event: 6577.418 GC heap before
{Heap before GC invocations=104 (full 0):
 garbage-first heap   total 238592K, used 198580K [0x0000000080000000, 0x0000000100000000)
  region size 1024K, 61 young (62464K), 5 survivors (5120K)
 Metaspace       used 145514K, capacity 148685K, committed 148812K, reserved 1179648K
  class space    used 18409K, capacity 19530K, committed 19584K, reserved 1048576K
}
Event: 6577.424 GC heap after
{Heap after GC invocations=105 (full 0):
 garbage-first heap   total 238592K, used 140650K [0x0000000080000000, 0x0000000100000000)
  region size 1024K, 4 young (4096K), 4 survivors (4096K)
 Metaspace       used 145514K, capacity 148685K, committed 148812K, reserved 1179648K
  class space    used 18409K, capacity 19530K, committed 19584K, reserved 1048576K
}
Event: 6577.441 GC heap before
{Heap before GC invocations=105 (full 0):
 garbage-first heap   total 238592K, used 146794K [0x0000000080000000, 0x0000000100000000)
  region size 1024K, 11 young (11264K), 4 survivors (4096K)
 Metaspace       used 145530K, capacity 148685K, committed 148812K, reserved 1179648K
  class space    used 18410K, capacity 19530K, committed 19584K, reserved 1048576K
}
Event: 6577.447 GC heap after
{Heap after GC invocations=106 (full 0):
 garbage-first heap   total 238592K, used 139873K [0x0000000080000000, 0x0000000100000000)
  region size 1024K, 1 young (1024K), 1 survivors (1024K)
 Metaspace       used 145530K, capacity 148685K, committed 148812K, reserved 1179648K
  class space    used 18410K, capacity 19530K, committed 19584K, reserved 1048576K
}
Event: 6577.924 GC heap before
{Heap before GC invocations=106 (full 0):
 garbage-first heap   total 238592K, used 199265K [0x0000000080000000, 0x0000000100000000)
  region size 1024K, 60 young (61440K), 1 survivors (1024K)
 Metaspace       used 145914K, capacity 149037K, committed 149324K, reserved 1179648K
  class space    used 18452K, capacity 19562K, committed 19584K, reserved 1048576K
}
Event: 6577.928 GC heap after
{Heap after GC invocations=107 (full 0):
 garbage-first heap   total 238592K, used 140449K [0x0000000080000000, 0x0000000100000000)
  region size 1024K, 2 young (2048K), 2 survivors (2048K)
 Metaspace       used 145914K, capacity 149037K, committed 149324K, reserved 1179648K
  class space    used 18452K, capacity 19562K, committed 19584K, reserved 1048576K
}

