# JRE version: OpenJDK Runtime Environment (11.0.10) (build 11.0.10+0-b96-7249189)
# Java VM: OpenJDK 64-Bit Server VM (11.0.10+0-b96-7249189, mixed mode, tiered, compressed oops, g1 gc, windows-amd64)
Heap:
 garbage-first heap   total 238592K, used 174806K [0x0000000080000000, 0x0000000100000000)
  region size 1024K, 45 young (46080K), 4 survivors (4096K)
 Metaspace       used 103396K, capacity 105996K, committed 106316K, reserved 1144832K
  class space    used 13322K, capacity 14296K, committed 14412K, reserved 1048576K
GC Heap History (20 events):
Event: 49.152 GC heap before
{Heap before GC invocations=37 (full 0):
 garbage-first heap   total 164864K, used 136950K [0x0000000080000000, 0x0000000100000000)
  region size 1024K, 27 young (27648K), 4 survivors (4096K)
 Metaspace       used 102048K, capacity 104633K, committed 104908K, reserved 1140736K
  class space    used 13221K, capacity 14183K, committed 14284K, reserved 1048576K
}
Event: 49.166 GC heap after
{Heap after GC invocations=38 (full 0):
 garbage-first heap   total 164864K, used 119211K [0x0000000080000000, 0x0000000100000000)
  region size 1024K, 4 young (4096K), 4 survivors (4096K)
 Metaspace       used 102048K, capacity 104633K, committed 104908K, reserved 1140736K
  class space    used 13221K, capacity 14183K, committed 14284K, reserved 1048576K
}
Event: 49.749 GC heap before
{Heap before GC invocations=38 (full 0):
 garbage-first heap   total 164864K, used 138667K [0x0000000080000000, 0x0000000100000000)
  region size 1024K, 23 young (23552K), 4 survivors (4096K)
 Metaspace       used 102409K, capacity 105001K, committed 105292K, reserved 1140736K
  class space    used 13236K, capacity 14215K, committed 14412K, reserved 1048576K
}
Event: 49.762 GC heap after
{Heap after GC invocations=39 (full 0):
 garbage-first heap   total 164864K, used 121703K [0x0000000080000000, 0x0000000100000000)
  region size 1024K, 3 young (3072K), 3 survivors (3072K)
 Metaspace       used 102409K, capacity 105001K, committed 105292K, reserved 1140736K
  class space    used 13236K, capacity 14215K, committed 14412K, reserved 1048576K
}
Event: 50.038 GC heap before
{Heap before GC invocations=40 (full 0):
 garbage-first heap   total 164864K, used 138087K [0x0000000080000000, 0x0000000100000000)
  region size 1024K, 20 young (20480K), 3 survivors (3072K)
 Metaspace       used 102533K, capacity 105131K, committed 105548K, reserved 1140736K
  class space    used 13244K, capacity 14215K, committed 14412K, reserved 1048576K
}
Event: 50.051 GC heap after
{Heap after GC invocations=41 (full 0):
 garbage-first heap   total 164864K, used 123901K [0x0000000080000000, 0x0000000100000000)
  region size 1024K, 3 young (3072K), 3 survivors (3072K)
 Metaspace       used 102533K, capacity 105131K, committed 105548K, reserved 1140736K
  class space    used 13244K, capacity 14215K, committed 14412K, reserved 1048576K
}
Event: 50.334 GC heap before
{Heap before GC invocations=41 (full 0):
 garbage-first heap   total 164864K, used 139261K [0x0000000080000000, 0x0000000100000000)
  region size 1024K, 18 young (18432K), 3 survivors (3072K)
 Metaspace       used 102636K, capacity 105234K, committed 105548K, reserved 1140736K
  class space    used 13251K, capacity 14226K, committed 14412K, reserved 1048576K
}
Event: 50.343 GC heap after
{Heap after GC invocations=42 (full 0):
 garbage-first heap   total 164864K, used 125599K [0x0000000080000000, 0x0000000100000000)
  region size 1024K, 2 young (2048K), 2 survivors (2048K)
 Metaspace       used 102636K, capacity 105234K, committed 105548K, reserved 1140736K
  class space    used 13251K, capacity 14226K, committed 14412K, reserved 1048576K
}
Event: 50.687 GC heap before
{Heap before GC invocations=42 (full 0):
 garbage-first heap   total 164864K, used 140959K [0x0000000080000000, 0x0000000100000000)
  region size 1024K, 17 young (17408K), 2 survivors (2048K)
 Metaspace       used 102708K, capacity 105332K, committed 105548K, reserved 1140736K
  class space    used 13269K, capacity 14258K, committed 14412K, reserved 1048576K
}
Event: 50.696 GC heap after
{Heap after GC invocations=43 (full 0):
 garbage-first heap   total 164864K, used 127174K [0x0000000080000000, 0x0000000100000000)
  region size 1024K, 2 young (2048K), 2 survivors (2048K)
 Metaspace       used 102708K, capacity 105332K, committed 105548K, reserved 1140736K
  class space    used 13269K, capacity 14258K, committed 14412K, reserved 1048576K
}
Event: 50.887 GC heap before
{Heap before GC invocations=43 (full 0):
 garbage-first heap   total 164864K, used 140486K [0x0000000080000000, 0x0000000100000000)
  region size 1024K, 15 young (15360K), 2 survivors (2048K)
 Metaspace       used 102798K, capacity 105410K, committed 105804K, reserved 1140736K
  class space    used 13284K, capacity 14262K, committed 14412K, reserved 1048576K
}
Event: 50.898 GC heap after
{Heap after GC invocations=44 (full 0):
 garbage-first heap   total 198656K, used 128966K [0x0000000080000000, 0x0000000100000000)
  region size 1024K, 2 young (2048K), 2 survivors (2048K)
 Metaspace       used 102798K, capacity 105410K, committed 105804K, reserved 1140736K
  class space    used 13284K, capacity 14262K, committed 14412K, reserved 1048576K
}
Event: 51.337 GC heap before
{Heap before GC invocations=45 (full 0):
 garbage-first heap   total 198656K, used 159686K [0x0000000080000000, 0x0000000100000000)
  region size 1024K, 32 young (32768K), 2 survivors (2048K)
 Metaspace       used 102954K, capacity 105546K, committed 105804K, reserved 1140736K
  class space    used 13293K, capacity 14262K, committed 14412K, reserved 1048576K
}
Event: 51.352 GC heap after
{Heap after GC invocations=46 (full 0):
 garbage-first heap   total 198656K, used 131292K [0x0000000080000000, 0x0000000100000000)
  region size 1024K, 4 young (4096K), 4 survivors (4096K)
 Metaspace       used 102954K, capacity 105546K, committed 105804K, reserved 1140736K
  class space    used 13293K, capacity 14262K, committed 14412K, reserved 1048576K
}
Event: 51.692 GC heap before
{Heap before GC invocations=46 (full 0):
 garbage-first heap   total 198656K, used 160988K [0x0000000080000000, 0x0000000100000000)
  region size 1024K, 33 young (33792K), 4 survivors (4096K)
 Metaspace       used 103048K, capacity 105618K, committed 105804K, reserved 1140736K
  class space    used 13294K, capacity 14264K, committed 14412K, reserved 1048576K
}
Event: 51.705 GC heap after
{Heap after GC invocations=47 (full 0):
 garbage-first heap   total 198656K, used 133480K [0x0000000080000000, 0x0000000100000000)
  region size 1024K, 5 young (5120K), 5 survivors (5120K)
 Metaspace       used 103048K, capacity 105618K, committed 105804K, reserved 1140736K
  class space    used 13294K, capacity 14264K, committed 14412K, reserved 1048576K
}
Event: 52.486 GC heap before
{Heap before GC invocations=48 (full 0):
 garbage-first heap   total 198656K, used 162152K [0x0000000080000000, 0x0000000100000000)
  region size 1024K, 34 young (34816K), 5 survivors (5120K)
 Metaspace       used 103176K, capacity 105700K, committed 106060K, reserved 1140736K
  class space    used 13295K, capacity 14264K, committed 14412K, reserved 1048576K
}
Event: 52.499 GC heap after
{Heap after GC invocations=49 (full 0):
 garbage-first heap   total 198656K, used 134231K [0x0000000080000000, 0x0000000100000000)
  region size 1024K, 3 young (3072K), 3 survivors (3072K)
 Metaspace       used 103176K, capacity 105700K, committed 106060K, reserved 1140736K
  class space    used 13295K, capacity 14264K, committed 14412K, reserved 1048576K
}
Event: 52.871 GC heap before
{Heap before GC invocations=49 (full 0):
 garbage-first heap   total 198656K, used 163927K [0x0000000080000000, 0x0000000100000000)
  region size 1024K, 33 young (33792K), 3 survivors (3072K)
 Metaspace       used 103369K, capacity 105932K, committed 106060K, reserved 1140736K
  class space    used 13320K, capacity 14296K, committed 14412K, reserved 1048576K
}
Event: 52.880 GC heap after
{Heap after GC invocations=50 (full 0):
 garbage-first heap   total 238592K, used 134870K [0x0000000080000000, 0x0000000100000000)
  region size 1024K, 4 young (4096K), 4 survivors (4096K)
 Metaspace       used 103369K, capacity 105932K, committed 106060K, reserved 1140736K
  class space    used 13320K, capacity 14296K, committed 14412K, reserved 1048576K
}

