# JRE version: OpenJDK Runtime Environment (11.0.10) (build 11.0.10+0-b96-7249189)
# Java VM: OpenJDK 64-Bit Server VM (11.0.10+0-b96-7249189, mixed mode, tiered, compressed oops, g1 gc, windows-amd64)
Heap:
 garbage-first heap   total 137216K, used 66795K [0x0000000080000000, 0x0000000100000000)
  region size 1024K, 13 young (13312K), 4 survivors (4096K)
 Metaspace       used 66089K, capacity 67706K, committed 67840K, reserved 1107968K
  class space    used 8356K, capacity 8956K, committed 8960K, reserved 1048576K
GC Heap History (20 events):
Event: 9.060 GC heap before
{Heap before GC invocations=7 (full 0):
 garbage-first heap   total 94208K, used 61288K [0x0000000080000000, 0x0000000100000000)
  region size 1024K, 45 young (46080K), 3 survivors (3072K)
 Metaspace       used 28414K, capacity 29114K, committed 29184K, reserved 1075200K
  class space    used 3784K, capacity 4030K, committed 4096K, reserved 1048576K
}
Event: 9.069 GC heap after
{Heap after GC invocations=8 (full 0):
 garbage-first heap   total 94208K, used 19511K [0x0000000080000000, 0x0000000100000000)
  region size 1024K, 4 young (4096K), 4 survivors (4096K)
 Metaspace       used 28414K, capacity 29114K, committed 29184K, reserved 1075200K
  class space    used 3784K, capacity 4030K, committed 4096K, reserved 1048576K
}
Event: 10.389 GC heap before
{Heap before GC invocations=8 (full 0):
 garbage-first heap   total 94208K, used 48183K [0x0000000080000000, 0x0000000100000000)
  region size 1024K, 33 young (33792K), 4 survivors (4096K)
 Metaspace       used 35068K, capacity 35822K, committed 35840K, reserved 1081344K
  class space    used 4538K, capacity 4864K, committed 4864K, reserved 1048576K
}
Event: 10.406 GC heap after
{Heap after GC invocations=9 (full 0):
 garbage-first heap   total 94208K, used 22351K [0x0000000080000000, 0x0000000100000000)
  region size 1024K, 6 young (6144K), 6 survivors (6144K)
 Metaspace       used 35068K, capacity 35822K, committed 35840K, reserved 1081344K
  class space    used 4538K, capacity 4864K, committed 4864K, reserved 1048576K
}
Event: 11.503 GC heap before
{Heap before GC invocations=10 (full 0):
 garbage-first heap   total 94208K, used 65359K [0x0000000080000000, 0x0000000100000000)
  region size 1024K, 46 young (47104K), 6 survivors (6144K)
 Metaspace       used 38367K, capacity 39247K, committed 39296K, reserved 1083392K
  class space    used 4890K, capacity 5211K, committed 5248K, reserved 1048576K
}
Event: 11.519 GC heap after
{Heap after GC invocations=11 (full 0):
 garbage-first heap   total 113664K, used 26067K [0x0000000080000000, 0x0000000100000000)
  region size 1024K, 6 young (6144K), 6 survivors (6144K)
 Metaspace       used 38367K, capacity 39247K, committed 39296K, reserved 1083392K
  class space    used 4890K, capacity 5211K, committed 5248K, reserved 1048576K
}
Event: 12.944 GC heap before
{Heap before GC invocations=11 (full 0):
 garbage-first heap   total 113664K, used 74195K [0x0000000080000000, 0x0000000100000000)
  region size 1024K, 53 young (54272K), 6 survivors (6144K)
 Metaspace       used 42516K, capacity 43443K, committed 43648K, reserved 1087488K
  class space    used 5392K, capacity 5750K, committed 5760K, reserved 1048576K
}
Event: 12.958 GC heap after
{Heap after GC invocations=12 (full 0):
 garbage-first heap   total 113664K, used 28780K [0x0000000080000000, 0x0000000100000000)
  region size 1024K, 6 young (6144K), 6 survivors (6144K)
 Metaspace       used 42516K, capacity 43443K, committed 43648K, reserved 1087488K
  class space    used 5392K, capacity 5750K, committed 5760K, reserved 1048576K
}
Event: 15.821 GC heap before
{Heap before GC invocations=12 (full 0):
 garbage-first heap   total 113664K, used 77932K [0x0000000080000000, 0x0000000100000000)
  region size 1024K, 54 young (55296K), 6 survivors (6144K)
 Metaspace       used 46126K, capacity 47338K, committed 47616K, reserved 1091584K
  class space    used 5898K, capacity 6345K, committed 6400K, reserved 1048576K
}
Event: 15.838 GC heap after
{Heap after GC invocations=13 (full 0):
 garbage-first heap   total 113664K, used 31473K [0x0000000080000000, 0x0000000100000000)
  region size 1024K, 6 young (6144K), 6 survivors (6144K)
 Metaspace       used 46126K, capacity 47338K, committed 47616K, reserved 1091584K
  class space    used 5898K, capacity 6345K, committed 6400K, reserved 1048576K
}
Event: 18.531 GC heap before
{Heap before GC invocations=13 (full 0):
 garbage-first heap   total 113664K, used 88817K [0x0000000080000000, 0x0000000100000000)
  region size 1024K, 55 young (56320K), 6 survivors (6144K)
 Metaspace       used 48646K, capacity 49939K, committed 50048K, reserved 1093632K
  class space    used 6200K, capacity 6701K, committed 6784K, reserved 1048576K
}
Event: 18.552 GC heap after
{Heap after GC invocations=14 (full 0):
 garbage-first heap   total 113664K, used 47388K [0x0000000080000000, 0x0000000100000000)
  region size 1024K, 7 young (7168K), 7 survivors (7168K)
 Metaspace       used 48646K, capacity 49939K, committed 50048K, reserved 1093632K
  class space    used 6200K, capacity 6701K, committed 6784K, reserved 1048576K
}
Event: 21.117 GC heap before
{Heap before GC invocations=14 (full 0):
 garbage-first heap   total 113664K, used 85276K [0x0000000080000000, 0x0000000100000000)
  region size 1024K, 44 young (45056K), 7 survivors (7168K)
 Metaspace       used 54002K, capacity 55336K, committed 55552K, reserved 1097728K
  class space    used 6851K, capacity 7348K, committed 7424K, reserved 1048576K
}
Event: 21.129 GC heap after
{Heap after GC invocations=15 (full 0):
 garbage-first heap   total 137216K, used 49842K [0x0000000080000000, 0x0000000100000000)
  region size 1024K, 2 young (2048K), 2 survivors (2048K)
 Metaspace       used 54002K, capacity 55336K, committed 55552K, reserved 1097728K
  class space    used 6851K, capacity 7348K, committed 7424K, reserved 1048576K
}
Event: 22.810 GC heap before
{Heap before GC invocations=15 (full 0):
 garbage-first heap   total 137216K, used 78514K [0x0000000080000000, 0x0000000100000000)
  region size 1024K, 31 young (31744K), 2 survivors (2048K)
 Metaspace       used 58607K, capacity 60054K, committed 60160K, reserved 1101824K
  class space    used 7418K, capacity 7979K, committed 8064K, reserved 1048576K
}
Event: 22.819 GC heap after
{Heap after GC invocations=16 (full 0):
 garbage-first heap   total 137216K, used 51266K [0x0000000080000000, 0x0000000100000000)
  region size 1024K, 4 young (4096K), 4 survivors (4096K)
 Metaspace       used 58607K, capacity 60054K, committed 60160K, reserved 1101824K
  class space    used 7418K, capacity 7979K, committed 8064K, reserved 1048576K
}
Event: 24.805 GC heap before
{Heap before GC invocations=17 (full 0):
 garbage-first heap   total 137216K, used 98370K [0x0000000080000000, 0x0000000100000000)
  region size 1024K, 50 young (51200K), 4 survivors (4096K)
 Metaspace       used 63002K, capacity 64512K, committed 64640K, reserved 1105920K
  class space    used 7959K, capacity 8536K, committed 8576K, reserved 1048576K
}
Event: 24.820 GC heap after
{Heap after GC invocations=18 (full 0):
 garbage-first heap   total 137216K, used 55262K [0x0000000080000000, 0x0000000100000000)
  region size 1024K, 7 young (7168K), 7 survivors (7168K)
 Metaspace       used 63002K, capacity 64512K, committed 64640K, reserved 1105920K
  class space    used 7959K, capacity 8536K, committed 8576K, reserved 1048576K
}
Event: 26.739 GC heap before
{Heap before GC invocations=19 (full 0):
 garbage-first heap   total 137216K, used 101342K [0x0000000080000000, 0x0000000100000000)
  region size 1024K, 52 young (53248K), 7 survivors (7168K)
 Metaspace       used 65936K, capacity 67514K, committed 67584K, reserved 1107968K
  class space    used 8352K, capacity 8956K, committed 8960K, reserved 1048576K
}
Event: 26.757 GC heap after
{Heap after GC invocations=20 (full 0):
 garbage-first heap   total 137216K, used 58603K [0x0000000080000000, 0x0000000100000000)
  region size 1024K, 4 young (4096K), 4 survivors (4096K)
 Metaspace       used 65936K, capacity 67514K, committed 67584K, reserved 1107968K
  class space    used 8352K, capacity 8956K, committed 8960K, reserved 1048576K
}

