# JRE version: OpenJDK Runtime Environment (11.0.10) (build 11.0.10+0-b96-7249189)
# Java VM: OpenJDK 64-Bit Server VM (11.0.10+0-b96-7249189, mixed mode, tiered, compressed oops, g1 gc, windows-amd64)
Heap:
 garbage-first heap   total 183296K, used 107004K [0x0000000080000000, 0x0000000100000000)
  region size 1024K, 4 young (4096K), 4 survivors (4096K)
 Metaspace       used 95297K, capacity 97840K, committed 97920K, reserved 1134592K
  class space    used 12253K, capacity 13146K, committed 13184K, reserved 1048576K
GC Heap History (20 events):
Event: 103.569 GC heap after
{Heap after GC invocations=22 (full 0):
 garbage-first heap   total 152576K, used 86785K [0x0000000080000000, 0x0000000100000000)
  region size 1024K, 5 young (5120K), 5 survivors (5120K)
 Metaspace       used 72512K, capacity 74428K, committed 74624K, reserved 1114112K
  class space    used 9194K, capacity 9838K, committed 9856K, reserved 1048576K
}
Event: 104.219 GC heap before
{Heap before GC invocations=22 (full 0):
 garbage-first heap   total 152576K, used 123649K [0x0000000080000000, 0x0000000100000000)
  region size 1024K, 41 young (41984K), 5 survivors (5120K)
 Metaspace       used 74528K, capacity 76514K, committed 76800K, reserved 1116160K
  class space    used 9465K, capacity 10168K, committed 10240K, reserved 1048576K
}
Event: 104.239 GC heap after
{Heap after GC invocations=23 (full 0):
 garbage-first heap   total 152576K, used 90272K [0x0000000080000000, 0x0000000100000000)
  region size 1024K, 6 young (6144K), 6 survivors (6144K)
 Metaspace       used 74528K, capacity 76514K, committed 76800K, reserved 1116160K
  class space    used 9465K, capacity 10168K, committed 10240K, reserved 1048576K
}
Event: 105.276 GC heap before
{Heap before GC invocations=24 (full 0):
 garbage-first heap   total 152576K, used 126112K [0x0000000080000000, 0x0000000100000000)
  region size 1024K, 41 young (41984K), 6 survivors (6144K)
 Metaspace       used 78543K, capacity 80691K, committed 80768K, reserved 1120256K
  class space    used 10127K, capacity 10851K, committed 10880K, reserved 1048576K
}
Event: 105.292 GC heap after
{Heap after GC invocations=25 (full 0):
 garbage-first heap   total 152576K, used 92552K [0x0000000080000000, 0x0000000100000000)
  region size 1024K, 3 young (3072K), 3 survivors (3072K)
 Metaspace       used 78543K, capacity 80691K, committed 80768K, reserved 1120256K
  class space    used 10127K, capacity 10851K, committed 10880K, reserved 1048576K
}
Event: 106.224 GC heap before
{Heap before GC invocations=25 (full 0):
 garbage-first heap   total 152576K, used 127368K [0x0000000080000000, 0x0000000100000000)
  region size 1024K, 37 young (37888K), 3 survivors (3072K)
 Metaspace       used 81066K, capacity 83211K, committed 83456K, reserved 1122304K
  class space    used 10496K, capacity 11219K, committed 11264K, reserved 1048576K
}
Event: 106.236 GC heap after
{Heap after GC invocations=26 (full 0):
 garbage-first heap   total 152576K, used 93794K [0x0000000080000000, 0x0000000100000000)
  region size 1024K, 4 young (4096K), 4 survivors (4096K)
 Metaspace       used 81066K, capacity 83211K, committed 83456K, reserved 1122304K
  class space    used 10496K, capacity 11219K, committed 11264K, reserved 1048576K
}
Event: 107.173 GC heap before
{Heap before GC invocations=27 (full 0):
 garbage-first heap   total 152576K, used 128610K [0x0000000080000000, 0x0000000100000000)
  region size 1024K, 38 young (38912K), 4 survivors (4096K)
 Metaspace       used 82942K, capacity 85214K, committed 85248K, reserved 1122304K
  class space    used 10742K, capacity 11499K, committed 11520K, reserved 1048576K
}
Event: 107.185 GC heap after
{Heap after GC invocations=28 (full 0):
 garbage-first heap   total 152576K, used 96357K [0x0000000080000000, 0x0000000100000000)
  region size 1024K, 4 young (4096K), 4 survivors (4096K)
 Metaspace       used 82942K, capacity 85214K, committed 85248K, reserved 1122304K
  class space    used 10742K, capacity 11499K, committed 11520K, reserved 1048576K
}
Event: 107.769 GC heap before
{Heap before GC invocations=28 (full 0):
 garbage-first heap   total 152576K, used 122981K [0x0000000080000000, 0x0000000100000000)
  region size 1024K, 32 young (32768K), 4 survivors (4096K)
 Metaspace       used 84990K, capacity 87354K, committed 87680K, reserved 1124352K
  class space    used 11004K, capacity 11785K, committed 11904K, reserved 1048576K
}
Event: 107.780 GC heap after
{Heap after GC invocations=29 (full 0):
 garbage-first heap   total 152576K, used 99154K [0x0000000080000000, 0x0000000100000000)
  region size 1024K, 5 young (5120K), 5 survivors (5120K)
 Metaspace       used 84990K, capacity 87354K, committed 87680K, reserved 1124352K
  class space    used 11004K, capacity 11785K, committed 11904K, reserved 1048576K
}
Event: 108.706 GC heap before
{Heap before GC invocations=30 (full 0):
 garbage-first heap   total 152576K, used 129874K [0x0000000080000000, 0x0000000100000000)
  region size 1024K, 34 young (34816K), 5 survivors (5120K)
 Metaspace       used 88891K, capacity 91228K, committed 91392K, reserved 1128448K
  class space    used 11484K, capacity 12256K, committed 12288K, reserved 1048576K
}
Event: 108.718 GC heap after
{Heap after GC invocations=31 (full 0):
 garbage-first heap   total 152576K, used 99781K [0x0000000080000000, 0x0000000100000000)
  region size 1024K, 4 young (4096K), 4 survivors (4096K)
 Metaspace       used 88891K, capacity 91228K, committed 91392K, reserved 1128448K
  class space    used 11484K, capacity 12256K, committed 12288K, reserved 1048576K
}
Event: 109.578 GC heap before
{Heap before GC invocations=31 (full 0):
 garbage-first heap   total 152576K, used 129477K [0x0000000080000000, 0x0000000100000000)
  region size 1024K, 33 young (33792K), 4 survivors (4096K)
 Metaspace       used 92746K, capacity 95149K, committed 95232K, reserved 1132544K
  class space    used 11942K, capacity 12746K, committed 12800K, reserved 1048576K
}
Event: 109.592 GC heap after
{Heap after GC invocations=32 (full 0):
 garbage-first heap   total 152576K, used 101761K [0x0000000080000000, 0x0000000100000000)
  region size 1024K, 4 young (4096K), 4 survivors (4096K)
 Metaspace       used 92746K, capacity 95149K, committed 95232K, reserved 1132544K
  class space    used 11942K, capacity 12746K, committed 12800K, reserved 1048576K
}
Event: 110.598 GC heap before
{Heap before GC invocations=33 (full 0):
 garbage-first heap   total 152576K, used 128385K [0x0000000080000000, 0x0000000100000000)
  region size 1024K, 31 young (31744K), 4 survivors (4096K)
 Metaspace       used 94464K, capacity 97055K, committed 97152K, reserved 1132544K
  class space    used 12201K, capacity 13099K, committed 13184K, reserved 1048576K
}
Event: 110.611 GC heap after
{Heap after GC invocations=34 (full 0):
 garbage-first heap   total 152576K, used 103910K [0x0000000080000000, 0x0000000100000000)
  region size 1024K, 4 young (4096K), 4 survivors (4096K)
 Metaspace       used 94464K, capacity 97055K, committed 97152K, reserved 1132544K
  class space    used 12201K, capacity 13099K, committed 13184K, reserved 1048576K
}
Event: 111.213 GC heap before
{Heap before GC invocations=34 (full 0):
 garbage-first heap   total 152576K, used 130534K [0x0000000080000000, 0x0000000100000000)
  region size 1024K, 31 young (31744K), 4 survivors (4096K)
 Metaspace       used 94664K, capacity 97208K, committed 97408K, reserved 1134592K
  class space    used 12203K, capacity 13101K, committed 13184K, reserved 1048576K
}
Event: 111.226 GC heap after
{Heap after GC invocations=35 (full 0):
 garbage-first heap   total 152576K, used 105454K [0x0000000080000000, 0x0000000100000000)
  region size 1024K, 2 young (2048K), 2 survivors (2048K)
 Metaspace       used 94664K, capacity 97208K, committed 97408K, reserved 1134592K
  class space    used 12203K, capacity 13101K, committed 13184K, reserved 1048576K
}
Event: 112.206 GC heap before
{Heap before GC invocations=36 (full 0):
 garbage-first heap   total 152576K, used 130030K [0x0000000080000000, 0x0000000100000000)
  region size 1024K, 27 young (27648K), 2 survivors (2048K)
 Metaspace       used 95297K, capacity 97840K, committed 97920K, reserved 1134592K
  class space    used 12253K, capacity 13146K, committed 13184K, reserved 1048576K
}

