# JRE version: OpenJDK Runtime Environment (11.0.10) (build 11.0.10+0-b96-7249189)
# Java VM: OpenJDK 64-Bit Server VM (11.0.10+0-b96-7249189, mixed mode, tiered, compressed oops, g1 gc, windows-amd64)
Heap:
 garbage-first heap   total 137216K, used 98839K [0x0000000080000000, 0x0000000100000000)
  region size 1024K, 48 young (49152K), 8 survivors (8192K)
 Metaspace       used 70173K, capacity 71778K, committed 71936K, reserved 1112064K
  class space    used 9039K, capacity 9626K, committed 9728K, reserved 1048576K
GC Heap History (20 events):
Event: 5.448 GC heap before
{Heap before GC invocations=6 (full 0):
 garbage-first heap   total 94208K, used 57152K [0x0000000080000000, 0x0000000100000000)
  region size 1024K, 41 young (41984K), 2 survivors (2048K)
 Metaspace       used 24550K, capacity 25122K, committed 25472K, reserved 1071104K
  class space    used 3160K, capacity 3355K, committed 3456K, reserved 1048576K
}
Event: 5.456 GC heap after
{Heap after GC invocations=7 (full 0):
 garbage-first heap   total 113664K, used 18441K [0x0000000080000000, 0x0000000100000000)
  region size 1024K, 3 young (3072K), 3 survivors (3072K)
 Metaspace       used 24550K, capacity 25122K, committed 25472K, reserved 1071104K
  class space    used 3160K, capacity 3355K, committed 3456K, reserved 1048576K
}
Event: 6.966 GC heap before
{Heap before GC invocations=7 (full 0):
 garbage-first heap   total 113664K, used 72713K [0x0000000080000000, 0x0000000100000000)
  region size 1024K, 56 young (57344K), 3 survivors (3072K)
 Metaspace       used 30017K, capacity 30747K, committed 30976K, reserved 1075200K
  class space    used 4021K, capacity 4274K, committed 4352K, reserved 1048576K
}
Event: 6.977 GC heap after
{Heap after GC invocations=8 (full 0):
 garbage-first heap   total 113664K, used 19923K [0x0000000080000000, 0x0000000100000000)
  region size 1024K, 5 young (5120K), 5 survivors (5120K)
 Metaspace       used 30017K, capacity 30747K, committed 30976K, reserved 1075200K
  class space    used 4021K, capacity 4274K, committed 4352K, reserved 1048576K
}
Event: 8.734 GC heap before
{Heap before GC invocations=8 (full 0):
 garbage-first heap   total 113664K, used 36307K [0x0000000080000000, 0x0000000100000000)
  region size 1024K, 22 young (22528K), 5 survivors (5120K)
 Metaspace       used 35077K, capacity 35830K, committed 35840K, reserved 1081344K
  class space    used 4543K, capacity 4864K, committed 4864K, reserved 1048576K
}
Event: 8.750 GC heap after
{Heap after GC invocations=9 (full 0):
 garbage-first heap   total 113664K, used 22518K [0x0000000080000000, 0x0000000100000000)
  region size 1024K, 6 young (6144K), 6 survivors (6144K)
 Metaspace       used 35077K, capacity 35830K, committed 35840K, reserved 1081344K
  class space    used 4543K, capacity 4864K, committed 4864K, reserved 1048576K
}
Event: 13.397 GC heap before
{Heap before GC invocations=10 (full 0):
 garbage-first heap   total 113664K, used 81910K [0x0000000080000000, 0x0000000100000000)
  region size 1024K, 62 young (63488K), 6 survivors (6144K)
 Metaspace       used 39231K, capacity 40127K, committed 40192K, reserved 1083392K
  class space    used 5001K, capacity 5352K, committed 5376K, reserved 1048576K
}
Event: 13.417 GC heap after
{Heap after GC invocations=11 (full 0):
 garbage-first heap   total 113664K, used 27091K [0x0000000080000000, 0x0000000100000000)
  region size 1024K, 8 young (8192K), 8 survivors (8192K)
 Metaspace       used 39231K, capacity 40127K, committed 40192K, reserved 1083392K
  class space    used 5001K, capacity 5352K, committed 5376K, reserved 1048576K
}
Event: 14.679 GC heap before
{Heap before GC invocations=11 (full 0):
 garbage-first heap   total 113664K, used 83411K [0x0000000080000000, 0x0000000100000000)
  region size 1024K, 63 young (64512K), 8 survivors (8192K)
 Metaspace       used 44330K, capacity 45357K, committed 45568K, reserved 1089536K
  class space    used 5684K, capacity 6068K, committed 6144K, reserved 1048576K
}
Event: 14.699 GC heap after
{Heap after GC invocations=12 (full 0):
 garbage-first heap   total 137216K, used 29669K [0x0000000080000000, 0x0000000100000000)
  region size 1024K, 3 young (3072K), 3 survivors (3072K)
 Metaspace       used 44330K, capacity 45357K, committed 45568K, reserved 1089536K
  class space    used 5684K, capacity 6068K, committed 6144K, reserved 1048576K
}
Event: 17.399 GC heap before
{Heap before GC invocations=12 (full 0):
 garbage-first heap   total 137216K, used 102373K [0x0000000080000000, 0x0000000100000000)
  region size 1024K, 66 young (67584K), 3 survivors (3072K)
 Metaspace       used 47575K, capacity 48798K, committed 49024K, reserved 1091584K
  class space    used 6067K, capacity 6502K, committed 6528K, reserved 1048576K
}
Event: 17.413 GC heap after
{Heap after GC invocations=13 (full 0):
 garbage-first heap   total 137216K, used 47409K [0x0000000080000000, 0x0000000100000000)
  region size 1024K, 9 young (9216K), 9 survivors (9216K)
 Metaspace       used 47575K, capacity 48798K, committed 49024K, reserved 1091584K
  class space    used 6067K, capacity 6502K, committed 6528K, reserved 1048576K
}
Event: 19.460 GC heap before
{Heap before GC invocations=13 (full 0):
 garbage-first heap   total 137216K, used 103729K [0x0000000080000000, 0x0000000100000000)
  region size 1024K, 64 young (65536K), 9 survivors (9216K)
 Metaspace       used 55516K, capacity 56941K, committed 57216K, reserved 1099776K
  class space    used 7017K, capacity 7518K, committed 7552K, reserved 1048576K
}
Event: 19.476 GC heap after
{Heap after GC invocations=14 (full 0):
 garbage-first heap   total 137216K, used 49927K [0x0000000080000000, 0x0000000100000000)
  region size 1024K, 3 young (3072K), 3 survivors (3072K)
 Metaspace       used 55516K, capacity 56941K, committed 57216K, reserved 1099776K
  class space    used 7017K, capacity 7518K, committed 7552K, reserved 1048576K
}
Event: 20.374 GC heap before
{Heap before GC invocations=14 (full 0):
 garbage-first heap   total 137216K, used 70407K [0x0000000080000000, 0x0000000100000000)
  region size 1024K, 24 young (24576K), 3 survivors (3072K)
 Metaspace       used 58535K, capacity 60031K, committed 60160K, reserved 1101824K
  class space    used 7414K, capacity 7948K, committed 8064K, reserved 1048576K
}
Event: 20.383 GC heap after
{Heap after GC invocations=15 (full 0):
 garbage-first heap   total 137216K, used 51164K [0x0000000080000000, 0x0000000100000000)
  region size 1024K, 4 young (4096K), 4 survivors (4096K)
 Metaspace       used 58535K, capacity 60031K, committed 60160K, reserved 1101824K
  class space    used 7414K, capacity 7948K, committed 8064K, reserved 1048576K
}
Event: 21.939 GC heap before
{Heap before GC invocations=16 (full 0):
 garbage-first heap   total 137216K, used 104412K [0x0000000080000000, 0x0000000100000000)
  region size 1024K, 56 young (57344K), 4 survivors (4096K)
 Metaspace       used 63754K, capacity 65266K, committed 65536K, reserved 1105920K
  class space    used 8073K, capacity 8615K, committed 8704K, reserved 1048576K
}
Event: 21.957 GC heap after
{Heap after GC invocations=17 (full 0):
 garbage-first heap   total 137216K, used 54813K [0x0000000080000000, 0x0000000100000000)
  region size 1024K, 7 young (7168K), 7 survivors (7168K)
 Metaspace       used 63754K, capacity 65266K, committed 65536K, reserved 1105920K
  class space    used 8073K, capacity 8615K, committed 8704K, reserved 1048576K
}
Event: 23.212 GC heap before
{Heap before GC invocations=18 (full 0):
 garbage-first heap   total 137216K, used 106013K [0x0000000080000000, 0x0000000100000000)
  region size 1024K, 57 young (58368K), 7 survivors (7168K)
 Metaspace       used 66063K, capacity 67632K, committed 67968K, reserved 1107968K
  class space    used 8375K, capacity 8970K, committed 9088K, reserved 1048576K
}
Event: 23.233 GC heap after
{Heap after GC invocations=19 (full 0):
 garbage-first heap   total 137216K, used 58903K [0x0000000080000000, 0x0000000100000000)
  region size 1024K, 8 young (8192K), 8 survivors (8192K)
 Metaspace       used 66063K, capacity 67632K, committed 67968K, reserved 1107968K
  class space    used 8375K, capacity 8970K, committed 9088K, reserved 1048576K
}

