# JRE version: OpenJDK Runtime Environment (11.0.10) (build 11.0.10+0-b96-7249189)
# Java VM: OpenJDK 64-Bit Server VM (11.0.10+0-b96-7249189, mixed mode, tiered, compressed oops, g1 gc, windows-amd64)
Heap:
 garbage-first heap   total 522240K, used 226758K [0x0000000080000000, 0x0000000100000000)
  region size 1024K, 6 young (6144K), 6 survivors (6144K)
 Metaspace       used 104314K, capacity 107017K, committed 107212K, reserved 1142784K
  class space    used 13415K, capacity 14470K, committed 14540K, reserved 1048576K
GC Heap History (20 events):
Event: 80.370 GC heap after
{Heap after GC invocations=96 (full 0):
 garbage-first heap   total 440320K, used 203752K [0x0000000080000000, 0x0000000100000000)
  region size 1024K, 24 young (24576K), 24 survivors (24576K)
 Metaspace       used 104190K, capacity 106988K, committed 107212K, reserved 1142784K
  class space    used 13412K, capacity 14468K, committed 14540K, reserved 1048576K
}
Event: 80.959 GC heap before
{Heap before GC invocations=96 (full 0):
 garbage-first heap   total 440320K, used 370664K [0x0000000080000000, 0x0000000100000000)
  region size 1024K, 187 young (191488K), 24 survivors (24576K)
 Metaspace       used 104192K, capacity 106988K, committed 107212K, reserved 1142784K
  class space    used 13412K, capacity 14468K, committed 14540K, reserved 1048576K
}
Event: 80.997 GC heap after
{Heap after GC invocations=97 (full 0):
 garbage-first heap   total 440320K, used 202029K [0x0000000080000000, 0x0000000100000000)
  region size 1024K, 3 young (3072K), 3 survivors (3072K)
 Metaspace       used 104192K, capacity 106988K, committed 107212K, reserved 1142784K
  class space    used 13412K, capacity 14468K, committed 14540K, reserved 1048576K
}
Event: 81.604 GC heap before
{Heap before GC invocations=97 (full 0):
 garbage-first heap   total 440320K, used 376109K [0x0000000080000000, 0x0000000100000000)
  region size 1024K, 172 young (176128K), 3 survivors (3072K)
 Metaspace       used 104195K, capacity 106988K, committed 107212K, reserved 1142784K
  class space    used 13412K, capacity 14468K, committed 14540K, reserved 1048576K
}
Event: 81.614 GC heap after
{Heap after GC invocations=98 (full 0):
 garbage-first heap   total 440320K, used 202029K [0x0000000080000000, 0x0000000100000000)
  region size 1024K, 3 young (3072K), 3 survivors (3072K)
 Metaspace       used 104195K, capacity 106988K, committed 107212K, reserved 1142784K
  class space    used 13412K, capacity 14468K, committed 14540K, reserved 1048576K
}
Event: 82.489 GC heap before
{Heap before GC invocations=98 (full 0):
 garbage-first heap   total 440320K, used 378157K [0x0000000080000000, 0x0000000100000000)
  region size 1024K, 175 young (179200K), 3 survivors (3072K)
 Metaspace       used 104204K, capacity 107000K, committed 107212K, reserved 1142784K
  class space    used 13414K, capacity 14470K, committed 14540K, reserved 1048576K
}
Event: 82.503 GC heap after
{Heap after GC invocations=99 (full 0):
 garbage-first heap   total 440320K, used 202372K [0x0000000080000000, 0x0000000100000000)
  region size 1024K, 4 young (4096K), 4 survivors (4096K)
 Metaspace       used 104204K, capacity 107000K, committed 107212K, reserved 1142784K
  class space    used 13414K, capacity 14470K, committed 14540K, reserved 1048576K
}
Event: 83.473 GC heap before
{Heap before GC invocations=99 (full 0):
 garbage-first heap   total 440320K, used 380548K [0x0000000080000000, 0x0000000100000000)
  region size 1024K, 178 young (182272K), 4 survivors (4096K)
 Metaspace       used 104205K, capacity 107000K, committed 107212K, reserved 1142784K
  class space    used 13414K, capacity 14470K, committed 14540K, reserved 1048576K
}
Event: 83.486 GC heap after
{Heap after GC invocations=100 (full 0):
 garbage-first heap   total 440320K, used 203053K [0x0000000080000000, 0x0000000100000000)
  region size 1024K, 4 young (4096K), 4 survivors (4096K)
 Metaspace       used 104205K, capacity 107000K, committed 107212K, reserved 1142784K
  class space    used 13414K, capacity 14470K, committed 14540K, reserved 1048576K
}
Event: 84.398 GC heap before
{Heap before GC invocations=100 (full 0):
 garbage-first heap   total 440320K, used 383277K [0x0000000080000000, 0x0000000100000000)
  region size 1024K, 180 young (184320K), 4 survivors (4096K)
 Metaspace       used 104208K, capacity 107000K, committed 107212K, reserved 1142784K
  class space    used 13414K, capacity 14470K, committed 14540K, reserved 1048576K
}
Event: 84.412 GC heap after
{Heap after GC invocations=101 (full 0):
 garbage-first heap   total 440320K, used 203989K [0x0000000080000000, 0x0000000100000000)
  region size 1024K, 5 young (5120K), 5 survivors (5120K)
 Metaspace       used 104208K, capacity 107000K, committed 107212K, reserved 1142784K
  class space    used 13414K, capacity 14470K, committed 14540K, reserved 1048576K
}
Event: 85.920 GC heap before
{Heap before GC invocations=101 (full 0):
 garbage-first heap   total 440320K, used 385237K [0x0000000080000000, 0x0000000100000000)
  region size 1024K, 181 young (185344K), 5 survivors (5120K)
 Metaspace       used 104255K, capacity 107013K, committed 107212K, reserved 1142784K
  class space    used 13414K, capacity 14470K, committed 14540K, reserved 1048576K
}
Event: 85.935 GC heap after
{Heap after GC invocations=102 (full 0):
 garbage-first heap   total 440320K, used 203931K [0x0000000080000000, 0x0000000100000000)
  region size 1024K, 5 young (5120K), 5 survivors (5120K)
 Metaspace       used 104255K, capacity 107013K, committed 107212K, reserved 1142784K
  class space    used 13414K, capacity 14470K, committed 14540K, reserved 1048576K
}
Event: 87.130 GC heap before
{Heap before GC invocations=102 (full 0):
 garbage-first heap   total 440320K, used 383131K [0x0000000080000000, 0x0000000100000000)
  region size 1024K, 181 young (185344K), 5 survivors (5120K)
 Metaspace       used 104296K, capacity 107015K, committed 107212K, reserved 1142784K
  class space    used 13414K, capacity 14470K, committed 14540K, reserved 1048576K
}
Event: 87.149 GC heap after
{Heap after GC invocations=103 (full 0):
 garbage-first heap   total 440320K, used 207815K [0x0000000080000000, 0x0000000100000000)
  region size 1024K, 9 young (9216K), 9 survivors (9216K)
 Metaspace       used 104296K, capacity 107015K, committed 107212K, reserved 1142784K
  class space    used 13414K, capacity 14470K, committed 14540K, reserved 1048576K
}
Event: 87.957 GC heap before
{Heap before GC invocations=103 (full 0):
 garbage-first heap   total 440320K, used 381895K [0x0000000080000000, 0x0000000100000000)
  region size 1024K, 180 young (184320K), 9 survivors (9216K)
 Metaspace       used 104306K, capacity 107017K, committed 107212K, reserved 1142784K
  class space    used 13414K, capacity 14470K, committed 14540K, reserved 1048576K
}
Event: 88.018 GC heap after
{Heap after GC invocations=104 (full 0):
 garbage-first heap   total 440320K, used 226223K [0x0000000080000000, 0x0000000100000000)
  region size 1024K, 23 young (23552K), 23 survivors (23552K)
 Metaspace       used 104306K, capacity 107017K, committed 107212K, reserved 1142784K
  class space    used 13414K, capacity 14470K, committed 14540K, reserved 1048576K
}
Event: 88.511 GC heap before
{Heap before GC invocations=104 (full 0):
 garbage-first heap   total 440320K, used 372655K [0x0000000080000000, 0x0000000100000000)
  region size 1024K, 166 young (169984K), 23 survivors (23552K)
 Metaspace       used 104306K, capacity 107017K, committed 107212K, reserved 1142784K
  class space    used 13414K, capacity 14470K, committed 14540K, reserved 1048576K
}
Event: 88.560 GC heap after
{Heap after GC invocations=105 (full 0):
 garbage-first heap   total 440320K, used 225943K [0x0000000080000000, 0x0000000100000000)
  region size 1024K, 5 young (5120K), 5 survivors (5120K)
 Metaspace       used 104306K, capacity 107017K, committed 107212K, reserved 1142784K
  class space    used 13414K, capacity 14470K, committed 14540K, reserved 1048576K
}
Event: 89.121 GC heap before
{Heap before GC invocations=105 (full 0):
 garbage-first heap   total 440320K, used 372375K [0x0000000080000000, 0x0000000100000000)
  region size 1024K, 148 young (151552K), 5 survivors (5120K)
 Metaspace       used 104314K, capacity 107017K, committed 107212K, reserved 1142784K
  class space    used 13415K, capacity 14470K, committed 14540K, reserved 1048576K
}

